# JRE version: OpenJDK Runtime Environment Temurin-21.0.10+7 (21.0.10+7) (build 21.0.10+7-LTS)
# Java VM: OpenJDK 64-Bit Server VM Temurin-21.0.10+7 (21.0.10+7-LTS, mixed mode, sharing, tiered, compressed oops, compressed class ptrs, parallel gc, windows-amd64)
GC Precious Log:
 CardTable entry size: 512
 CPUs: 4 total, 4 available
 Memory: 16146M
 Large Page Support: Disabled
 NUMA Support: Disabled
 Compressed Oops: Enabled (32-bit)
 Alignments: Space 512K, Generation 512K, Heap 2M
 Heap Min Capacity: 100M
 Heap Initial Capacity: 100M
 Heap Max Capacity: 2G
 Pre-touch: Disabled
 Parallel Workers: 4
Heap:
 PSYoungGen      total 22016K, used 11377K [0x00000000d5580000, 0x00000000d6d80000, 0x0000000100000000)
  eden space 20480K, 48% used [0x00000000d5580000,0x00000000d5f31730,0x00000000d6980000)
  from space 1536K, 94% used [0x00000000d6b80000,0x00000000d6ceace8,0x00000000d6d00000)
  to   space 2048K, 0% used [0x00000000d6980000,0x00000000d6980000,0x00000000d6b80000)
 ParOldGen       total 90624K, used 90236K [0x0000000080000000, 0x0000000085880000, 0x00000000d5580000)
  object space 90624K, 99% used [0x0000000080000000,0x000000008581f180,0x0000000085880000)
 Metaspace       used 71010K, committed 72640K, reserved 1114112K
  class space    used 7441K, committed 8128K, reserved 1048576K
GC Heap History (20 events):
Event: 135.669 GC heap before
{Heap before GC invocations=90 (full 3):
 PSYoungGen      total 22528K, used 22368K [0x00000000d5580000, 0x00000000d6d00000, 0x0000000100000000)
  eden space 22016K, 100% used [0x00000000d5580000,0x00000000d6b00000,0x00000000d6b00000)
  from space 512K, 68% used [0x00000000d6c80000,0x00000000d6cd8000,0x00000000d6d00000)
  to   space 512K, 0% used [0x00000000d6c00000,0x00000000d6c00000,0x00000000d6c80000)
 ParOldGen       total 81920K, used 81618K [0x0000000080000000, 0x0000000085000000, 0x00000000d5580000)
  object space 81920K, 99% used [0x0000000080000000,0x0000000084fb4b58,0x0000000085000000)
 Metaspace       used 65426K, committed 66944K, reserved 1114112K
  class space    used 6978K, committed 7616K, reserved 1048576K
}
Event: 135.676 GC heap after
{Heap after GC invocations=90 (full 3):
 PSYoungGen      total 22528K, used 320K [0x00000000d5580000, 0x00000000d6d00000, 0x0000000100000000)
  eden space 22016K, 0% used [0x00000000d5580000,0x00000000d5580000,0x00000000d6b00000)
  from space 512K, 62% used [0x00000000d6c00000,0x00000000d6c50000,0x00000000d6c80000)
  to   space 512K, 0% used [0x00000000d6c80000,0x00000000d6c80000,0x00000000d6d00000)
 ParOldGen       total 81920K, used 81762K [0x0000000080000000, 0x0000000085000000, 0x00000000d5580000)
  object space 81920K, 99% used [0x0000000080000000,0x0000000084fd8b58,0x0000000085000000)
 Metaspace       used 65426K, committed 66944K, reserved 1114112K
  class space    used 6978K, committed 7616K, reserved 1048576K
}
Event: 135.870 GC heap before
{Heap before GC invocations=91 (full 3):
 PSYoungGen      total 22528K, used 22336K [0x00000000d5580000, 0x00000000d6d00000, 0x0000000100000000)
  eden space 22016K, 100% used [0x00000000d5580000,0x00000000d6b00000,0x00000000d6b00000)
  from space 512K, 62% used [0x00000000d6c00000,0x00000000d6c50000,0x00000000d6c80000)
  to   space 512K, 0% used [0x00000000d6c80000,0x00000000d6c80000,0x00000000d6d00000)
 ParOldGen       total 81920K, used 81762K [0x0000000080000000, 0x0000000085000000, 0x00000000d5580000)
  object space 81920K, 99% used [0x0000000080000000,0x0000000084fd8b58,0x0000000085000000)
 Metaspace       used 65430K, committed 66944K, reserved 1114112K
  class space    used 6979K, committed 7616K, reserved 1048576K
}
Event: 135.878 GC heap after
{Heap after GC invocations=91 (full 3):
 PSYoungGen      total 22528K, used 404K [0x00000000d5580000, 0x00000000d6d00000, 0x0000000100000000)
  eden space 22016K, 0% used [0x00000000d5580000,0x00000000d5580000,0x00000000d6b00000)
  from space 512K, 79% used [0x00000000d6c80000,0x00000000d6ce5200,0x00000000d6d00000)
  to   space 512K, 0% used [0x00000000d6c00000,0x00000000d6c00000,0x00000000d6c80000)
 ParOldGen       total 81920K, used 81874K [0x0000000080000000, 0x0000000085000000, 0x00000000d5580000)
  object space 81920K, 99% used [0x0000000080000000,0x0000000084ff4b58,0x0000000085000000)
 Metaspace       used 65430K, committed 66944K, reserved 1114112K
  class space    used 6979K, committed 7616K, reserved 1048576K
}
Event: 137.659 GC heap before
{Heap before GC invocations=92 (full 3):
 PSYoungGen      total 22528K, used 22411K [0x00000000d5580000, 0x00000000d6d00000, 0x0000000100000000)
  eden space 22016K, 99% used [0x00000000d5580000,0x00000000d6afdc88,0x00000000d6b00000)
  from space 512K, 79% used [0x00000000d6c80000,0x00000000d6ce5200,0x00000000d6d00000)
  to   space 512K, 0% used [0x00000000d6c00000,0x00000000d6c00000,0x00000000d6c80000)
 ParOldGen       total 81920K, used 81874K [0x0000000080000000, 0x0000000085000000, 0x00000000d5580000)
  object space 81920K, 99% used [0x0000000080000000,0x0000000084ff4b58,0x0000000085000000)
 Metaspace       used 66888K, committed 68352K, reserved 1114112K
  class space    used 7126K, committed 7744K, reserved 1048576K
}
Event: 137.668 GC heap after
{Heap after GC invocations=92 (full 3):
 PSYoungGen      total 22528K, used 509K [0x00000000d5580000, 0x00000000d7000000, 0x0000000100000000)
  eden space 22016K, 0% used [0x00000000d5580000,0x00000000d5580000,0x00000000d6b00000)
  from space 512K, 99% used [0x00000000d6c00000,0x00000000d6c7f540,0x00000000d6c80000)
  to   space 2560K, 0% used [0x00000000d6d80000,0x00000000d6d80000,0x00000000d7000000)
 ParOldGen       total 83968K, used 83486K [0x0000000080000000, 0x0000000085200000, 0x00000000d5580000)
  object space 83968K, 99% used [0x0000000080000000,0x0000000085187b18,0x0000000085200000)
 Metaspace       used 66888K, committed 68352K, reserved 1114112K
  class space    used 7126K, committed 7744K, reserved 1048576K
}
Event: 139.827 GC heap before
{Heap before GC invocations=93 (full 3):
 PSYoungGen      total 22528K, used 22525K [0x00000000d5580000, 0x00000000d7000000, 0x0000000100000000)
  eden space 22016K, 100% used [0x00000000d5580000,0x00000000d6b00000,0x00000000d6b00000)
  from space 512K, 99% used [0x00000000d6c00000,0x00000000d6c7f540,0x00000000d6c80000)
  to   space 2560K, 0% used [0x00000000d6d80000,0x00000000d6d80000,0x00000000d7000000)
 ParOldGen       total 83968K, used 83486K [0x0000000080000000, 0x0000000085200000, 0x00000000d5580000)
  object space 83968K, 99% used [0x0000000080000000,0x0000000085187b18,0x0000000085200000)
 Metaspace       used 67675K, committed 69248K, reserved 1114112K
  class space    used 7201K, committed 7872K, reserved 1048576K
}
Event: 139.839 GC heap after
{Heap after GC invocations=93 (full 3):
 PSYoungGen      total 24576K, used 2377K [0x00000000d5580000, 0x00000000d7000000, 0x0000000100000000)
  eden space 22016K, 0% used [0x00000000d5580000,0x00000000d5580000,0x00000000d6b00000)
  from space 2560K, 92% used [0x00000000d6d80000,0x00000000d6fd2618,0x00000000d7000000)
  to   space 2560K, 0% used [0x00000000d6b00000,0x00000000d6b00000,0x00000000d6d80000)
 ParOldGen       total 84480K, used 83984K [0x0000000080000000, 0x0000000085280000, 0x00000000d5580000)
  object space 84480K, 99% used [0x0000000080000000,0x0000000085204208,0x0000000085280000)
 Metaspace       used 67675K, committed 69248K, reserved 1114112K
  class space    used 7201K, committed 7872K, reserved 1048576K
}
Event: 142.447 GC heap before
{Heap before GC invocations=94 (full 3):
 PSYoungGen      total 24576K, used 24393K [0x00000000d5580000, 0x00000000d7000000, 0x0000000100000000)
  eden space 22016K, 100% used [0x00000000d5580000,0x00000000d6b00000,0x00000000d6b00000)
  from space 2560K, 92% used [0x00000000d6d80000,0x00000000d6fd2618,0x00000000d7000000)
  to   space 2560K, 0% used [0x00000000d6b00000,0x00000000d6b00000,0x00000000d6d80000)
 ParOldGen       total 84480K, used 83984K [0x0000000080000000, 0x0000000085280000, 0x00000000d5580000)
  object space 84480K, 99% used [0x0000000080000000,0x0000000085204208,0x0000000085280000)
 Metaspace       used 68483K, committed 70016K, reserved 1114112K
  class space    used 7266K, committed 7936K, reserved 1048576K
}
Event: 142.452 GC heap after
{Heap after GC invocations=94 (full 3):
 PSYoungGen      total 23040K, used 960K [0x00000000d5580000, 0x00000000d6e00000, 0x0000000100000000)
  eden space 22016K, 0% used [0x00000000d5580000,0x00000000d5580000,0x00000000d6b00000)
  from space 1024K, 93% used [0x00000000d6b00000,0x00000000d6bf0000,0x00000000d6c00000)
  to   space 1536K, 0% used [0x00000000d6c80000,0x00000000d6c80000,0x00000000d6e00000)
 ParOldGen       total 85504K, used 85473K [0x0000000080000000, 0x0000000085380000, 0x00000000d5580000)
  object space 85504K, 99% used [0x0000000080000000,0x00000000853784c0,0x0000000085380000)
 Metaspace       used 68483K, committed 70016K, reserved 1114112K
  class space    used 7266K, committed 7936K, reserved 1048576K
}
Event: 145.366 GC heap before
{Heap before GC invocations=95 (full 3):
 PSYoungGen      total 23040K, used 22976K [0x00000000d5580000, 0x00000000d6e00000, 0x0000000100000000)
  eden space 22016K, 100% used [0x00000000d5580000,0x00000000d6b00000,0x00000000d6b00000)
  from space 1024K, 93% used [0x00000000d6b00000,0x00000000d6bf0000,0x00000000d6c00000)
  to   space 1536K, 0% used [0x00000000d6c80000,0x00000000d6c80000,0x00000000d6e00000)
 ParOldGen       total 85504K, used 85473K [0x0000000080000000, 0x0000000085380000, 0x00000000d5580000)
  object space 85504K, 99% used [0x0000000080000000,0x00000000853784c0,0x0000000085380000)
 Metaspace       used 68771K, committed 70272K, reserved 1114112K
  class space    used 7281K, committed 7936K, reserved 1048576K
}
Event: 145.372 GC heap after
{Heap after GC invocations=95 (full 3):
 PSYoungGen      total 23552K, used 1133K [0x00000000d5580000, 0x00000000d6e00000, 0x0000000100000000)
  eden space 22016K, 0% used [0x00000000d5580000,0x00000000d5580000,0x00000000d6b00000)
  from space 1536K, 73% used [0x00000000d6c80000,0x00000000d6d9b430,0x00000000d6e00000)
  to   space 1536K, 0% used [0x00000000d6b00000,0x00000000d6b00000,0x00000000d6c80000)
 ParOldGen       total 86528K, used 86290K [0x0000000080000000, 0x0000000085480000, 0x00000000d5580000)
  object space 86528K, 99% used [0x0000000080000000,0x0000000085444870,0x0000000085480000)
 Metaspace       used 68771K, committed 70272K, reserved 1114112K
  class space    used 7281K, committed 7936K, reserved 1048576K
}
Event: 146.766 GC heap before
{Heap before GC invocations=96 (full 3):
 PSYoungGen      total 23552K, used 23149K [0x00000000d5580000, 0x00000000d6e00000, 0x0000000100000000)
  eden space 22016K, 100% used [0x00000000d5580000,0x00000000d6b00000,0x00000000d6b00000)
  from space 1536K, 73% used [0x00000000d6c80000,0x00000000d6d9b430,0x00000000d6e00000)
  to   space 1536K, 0% used [0x00000000d6b00000,0x00000000d6b00000,0x00000000d6c80000)
 ParOldGen       total 86528K, used 86290K [0x0000000080000000, 0x0000000085480000, 0x00000000d5580000)
  object space 86528K, 99% used [0x0000000080000000,0x0000000085444870,0x0000000085480000)
 Metaspace       used 68926K, committed 70464K, reserved 1114112K
  class space    used 7284K, committed 7936K, reserved 1048576K
}
Event: 146.774 GC heap after
{Heap after GC invocations=96 (full 3):
 PSYoungGen      total 23552K, used 1378K [0x00000000d5580000, 0x00000000d6e00000, 0x0000000100000000)
  eden space 22016K, 0% used [0x00000000d5580000,0x00000000d5580000,0x00000000d6b00000)
  from space 1536K, 89% used [0x00000000d6b00000,0x00000000d6c58978,0x00000000d6c80000)
  to   space 1536K, 0% used [0x00000000d6c80000,0x00000000d6c80000,0x00000000d6e00000)
 ParOldGen       total 87552K, used 87102K [0x0000000080000000, 0x0000000085580000, 0x00000000d5580000)
  object space 87552K, 99% used [0x0000000080000000,0x000000008550fac0,0x0000000085580000)
 Metaspace       used 68926K, committed 70464K, reserved 1114112K
  class space    used 7284K, committed 7936K, reserved 1048576K
}
Event: 148.502 GC heap before
{Heap before GC invocations=97 (full 3):
 PSYoungGen      total 23552K, used 23394K [0x00000000d5580000, 0x00000000d6e00000, 0x0000000100000000)
  eden space 22016K, 100% used [0x00000000d5580000,0x00000000d6b00000,0x00000000d6b00000)
  from space 1536K, 89% used [0x00000000d6b00000,0x00000000d6c58978,0x00000000d6c80000)
  to   space 1536K, 0% used [0x00000000d6c80000,0x00000000d6c80000,0x00000000d6e00000)
 ParOldGen       total 87552K, used 87102K [0x0000000080000000, 0x0000000085580000, 0x00000000d5580000)
  object space 87552K, 99% used [0x0000000080000000,0x000000008550fac0,0x0000000085580000)
 Metaspace       used 69175K, committed 70784K, reserved 1114112K
  class space    used 7298K, committed 8000K, reserved 1048576K
}
Event: 148.509 GC heap after
{Heap after GC invocations=97 (full 3):
 PSYoungGen      total 22016K, used 1507K [0x00000000d5580000, 0x00000000d7100000, 0x0000000100000000)
  eden space 20480K, 0% used [0x00000000d5580000,0x00000000d5580000,0x00000000d6980000)
  from space 1536K, 98% used [0x00000000d6c80000,0x00000000d6df8eb0,0x00000000d6e00000)
  to   space 3072K, 0% used [0x00000000d6980000,0x00000000d6980000,0x00000000d6c80000)
 ParOldGen       total 88576K, used 88275K [0x0000000080000000, 0x0000000085680000, 0x00000000d5580000)
  object space 88576K, 99% used [0x0000000080000000,0x0000000085634ff0,0x0000000085680000)
 Metaspace       used 69175K, committed 70784K, reserved 1114112K
  class space    used 7298K, committed 8000K, reserved 1048576K
}
Event: 150.365 GC heap before
{Heap before GC invocations=98 (full 3):
 PSYoungGen      total 22016K, used 21987K [0x00000000d5580000, 0x00000000d7100000, 0x0000000100000000)
  eden space 20480K, 100% used [0x00000000d5580000,0x00000000d6980000,0x00000000d6980000)
  from space 1536K, 98% used [0x00000000d6c80000,0x00000000d6df8eb0,0x00000000d6e00000)
  to   space 3072K, 0% used [0x00000000d6980000,0x00000000d6980000,0x00000000d6c80000)
 ParOldGen       total 88576K, used 88275K [0x0000000080000000, 0x0000000085680000, 0x00000000d5580000)
  object space 88576K, 99% used [0x0000000080000000,0x0000000085634ff0,0x0000000085680000)
 Metaspace       used 69677K, committed 71232K, reserved 1114112K
  class space    used 7336K, committed 8000K, reserved 1048576K
}
Event: 150.373 GC heap after
{Heap after GC invocations=98 (full 3):
 PSYoungGen      total 21504K, used 868K [0x00000000d5580000, 0x00000000d6d00000, 0x0000000100000000)
  eden space 20480K, 0% used [0x00000000d5580000,0x00000000d5580000,0x00000000d6980000)
  from space 1024K, 84% used [0x00000000d6980000,0x00000000d6a59148,0x00000000d6a80000)
  to   space 1536K, 0% used [0x00000000d6b80000,0x00000000d6b80000,0x00000000d6d00000)
 ParOldGen       total 90112K, used 89743K [0x0000000080000000, 0x0000000085800000, 0x00000000d5580000)
  object space 90112K, 99% used [0x0000000080000000,0x00000000857a3fa0,0x0000000085800000)
 Metaspace       used 69677K, committed 71232K, reserved 1114112K
  class space    used 7336K, committed 8000K, reserved 1048576K
}
Event: 151.312 GC heap before
{Heap before GC invocations=99 (full 3):
 PSYoungGen      total 21504K, used 21348K [0x00000000d5580000, 0x00000000d6d00000, 0x0000000100000000)
  eden space 20480K, 100% used [0x00000000d5580000,0x00000000d6980000,0x00000000d6980000)
  from space 1024K, 84% used [0x00000000d6980000,0x00000000d6a59148,0x00000000d6a80000)
  to   space 1536K, 0% used [0x00000000d6b80000,0x00000000d6b80000,0x00000000d6d00000)
 ParOldGen       total 90112K, used 89743K [0x0000000080000000, 0x0000000085800000, 0x00000000d5580000)
  object space 90112K, 99% used [0x0000000080000000,0x00000000857a3fa0,0x0000000085800000)
 Metaspace       used 69959K, committed 71488K, reserved 1114112K
  class space    used 7344K, committed 8000K, reserved 1048576K
}
Event: 151.322 GC heap after
{Heap after GC invocations=99 (full 3):
 PSYoungGen      total 22016K, used 1451K [0x00000000d5580000, 0x00000000d6d80000, 0x0000000100000000)
  eden space 20480K, 0% used [0x00000000d5580000,0x00000000d5580000,0x00000000d6980000)
  from space 1536K, 94% used [0x00000000d6b80000,0x00000000d6ceace8,0x00000000d6d00000)
  to   space 2048K, 0% used [0x00000000d6980000,0x00000000d6980000,0x00000000d6b80000)
 ParOldGen       total 90624K, used 90236K [0x0000000080000000, 0x0000000085880000, 0x00000000d5580000)
  object space 90624K, 99% used [0x0000000080000000,0x000000008581f180,0x0000000085880000)
 Metaspace       used 69959K, committed 71488K, reserved 1114112K
  class space    used 7344K, committed 8000K, reserved 1048576K
}

