# JRE version: OpenJDK Runtime Environment Temurin-21.0.10+7 (21.0.10+7) (build 21.0.10+7-LTS)
# Java VM: OpenJDK 64-Bit Server VM Temurin-21.0.10+7 (21.0.10+7-LTS, mixed mode, sharing, tiered, compressed oops, compressed class ptrs, parallel gc, windows-amd64)
GC Precious Log:
 CardTable entry size: 512
 CPUs: 4 total, 4 available
 Memory: 16146M
 Large Page Support: Disabled
 NUMA Support: Disabled
 Compressed Oops: Enabled (32-bit)
 Alignments: Space 512K, Generation 512K, Heap 2M
 Heap Min Capacity: 100M
 Heap Initial Capacity: 100M
 Heap Max Capacity: 2G
 Pre-touch: Disabled
 Parallel Workers: 4
Heap:
 PSYoungGen      total 5120K, used 2414K [0x00000000d5580000, 0x00000000d6080000, 0x0000000100000000)
  eden space 4608K, 48% used [0x00000000d5580000,0x00000000d57abab8,0x00000000d5a00000)
  from space 512K, 37% used [0x00000000d5f80000,0x00000000d5fb0020,0x00000000d6000000)
  to   space 512K, 0% used [0x00000000d6000000,0x00000000d6000000,0x00000000d6080000)
 ParOldGen       total 117248K, used 116840K [0x0000000080000000, 0x0000000087280000, 0x00000000d5580000)
  object space 117248K, 99% used [0x0000000080000000,0x000000008721a138,0x0000000087280000)
 Metaspace       used 77859K, committed 79552K, reserved 1179648K
  class space    used 8226K, committed 9024K, reserved 1048576K
GC Heap History (20 events):
Event: 1165.097 GC heap before
{Heap before GC invocations=149 (full 3):
 PSYoungGen      total 11776K, used 11344K [0x00000000d5580000, 0x00000000d6400000, 0x0000000100000000)
  eden space 10240K, 100% used [0x00000000d5580000,0x00000000d5f80000,0x00000000d5f80000)
  from space 1536K, 71% used [0x00000000d6200000,0x00000000d6314108,0x00000000d6380000)
  to   space 512K, 0% used [0x00000000d6380000,0x00000000d6380000,0x00000000d6400000)
 ParOldGen       total 109056K, used 108823K [0x0000000080000000, 0x0000000086a80000, 0x00000000d5580000)
  object space 109056K, 99% used [0x0000000080000000,0x0000000086a45e88,0x0000000086a80000)
 Metaspace       used 76584K, committed 78272K, reserved 1179648K
  class space    used 8116K, committed 8896K, reserved 1048576K
}
Event: 1165.105 GC heap after
{Heap after GC invocations=149 (full 3):
 PSYoungGen      total 10752K, used 506K [0x00000000d5580000, 0x00000000d6400000, 0x0000000100000000)
  eden space 10240K, 0% used [0x00000000d5580000,0x00000000d5580000,0x00000000d5f80000)
  from space 512K, 98% used [0x00000000d6380000,0x00000000d63fe900,0x00000000d6400000)
  to   space 2048K, 0% used [0x00000000d6000000,0x00000000d6000000,0x00000000d6200000)
 ParOldGen       total 110592K, used 110114K [0x0000000080000000, 0x0000000086c00000, 0x00000000d5580000)
  object space 110592K, 99% used [0x0000000080000000,0x0000000086b88ac8,0x0000000086c00000)
 Metaspace       used 76584K, committed 78272K, reserved 1179648K
  class space    used 8116K, committed 8896K, reserved 1048576K
}
Event: 1166.750 GC heap before
{Heap before GC invocations=150 (full 3):
 PSYoungGen      total 10752K, used 10698K [0x00000000d5580000, 0x00000000d6400000, 0x0000000100000000)
  eden space 10240K, 99% used [0x00000000d5580000,0x00000000d5f742d0,0x00000000d5f80000)
  from space 512K, 98% used [0x00000000d6380000,0x00000000d63fe900,0x00000000d6400000)
  to   space 2048K, 0% used [0x00000000d6000000,0x00000000d6000000,0x00000000d6200000)
 ParOldGen       total 110592K, used 110114K [0x0000000080000000, 0x0000000086c00000, 0x00000000d5580000)
  object space 110592K, 99% used [0x0000000080000000,0x0000000086b88ac8,0x0000000086c00000)
 Metaspace       used 77544K, committed 79296K, reserved 1179648K
  class space    used 8219K, committed 9024K, reserved 1048576K
}
Event: 1166.757 GC heap after
{Heap after GC invocations=150 (full 3):
 PSYoungGen      total 12288K, used 601K [0x00000000d5580000, 0x00000000d6400000, 0x0000000100000000)
  eden space 10240K, 0% used [0x00000000d5580000,0x00000000d5580000,0x00000000d5f80000)
  from space 2048K, 29% used [0x00000000d6000000,0x00000000d60965d8,0x00000000d6200000)
  to   space 1536K, 0% used [0x00000000d6280000,0x00000000d6280000,0x00000000d6400000)
 ParOldGen       total 111104K, used 110623K [0x0000000080000000, 0x0000000086c80000, 0x00000000d5580000)
  object space 111104K, 99% used [0x0000000080000000,0x0000000086c07ce8,0x0000000086c80000)
 Metaspace       used 77544K, committed 79296K, reserved 1179648K
  class space    used 8219K, committed 9024K, reserved 1048576K
}
Event: 1194.145 GC heap before
{Heap before GC invocations=151 (full 3):
 PSYoungGen      total 12288K, used 10817K [0x00000000d5580000, 0x00000000d6400000, 0x0000000100000000)
  eden space 10240K, 99% used [0x00000000d5580000,0x00000000d5f7a0c8,0x00000000d5f80000)
  from space 2048K, 29% used [0x00000000d6000000,0x00000000d60965d8,0x00000000d6200000)
  to   space 1536K, 0% used [0x00000000d6280000,0x00000000d6280000,0x00000000d6400000)
 ParOldGen       total 111104K, used 110623K [0x0000000080000000, 0x0000000086c80000, 0x00000000d5580000)
  object space 111104K, 99% used [0x0000000080000000,0x0000000086c07ce8,0x0000000086c80000)
 Metaspace       used 77623K, committed 79360K, reserved 1179648K
  class space    used 8220K, committed 9024K, reserved 1048576K
}
Event: 1194.153 GC heap after
{Heap after GC invocations=151 (full 3):
 PSYoungGen      total 6144K, used 1533K [0x00000000d5580000, 0x00000000d7080000, 0x0000000100000000)
  eden space 4608K, 0% used [0x00000000d5580000,0x00000000d5580000,0x00000000d5a00000)
  from space 1536K, 99% used [0x00000000d6280000,0x00000000d63ff770,0x00000000d6400000)
  to   space 8704K, 0% used [0x00000000d5a00000,0x00000000d5a00000,0x00000000d6280000)
 ParOldGen       total 116736K, used 116376K [0x0000000080000000, 0x0000000087200000, 0x00000000d5580000)
  object space 116736K, 99% used [0x0000000080000000,0x00000000871a60f8,0x0000000087200000)
 Metaspace       used 77623K, committed 79360K, reserved 1179648K
  class space    used 8220K, committed 9024K, reserved 1048576K
}
Event: 4069.240 GC heap before
{Heap before GC invocations=152 (full 3):
 PSYoungGen      total 6144K, used 6141K [0x00000000d5580000, 0x00000000d7080000, 0x0000000100000000)
  eden space 4608K, 100% used [0x00000000d5580000,0x00000000d5a00000,0x00000000d5a00000)
  from space 1536K, 99% used [0x00000000d6280000,0x00000000d63ff770,0x00000000d6400000)
  to   space 8704K, 0% used [0x00000000d5a00000,0x00000000d5a00000,0x00000000d6280000)
 ParOldGen       total 116736K, used 116376K [0x0000000080000000, 0x0000000087200000, 0x00000000d5580000)
  object space 116736K, 99% used [0x0000000080000000,0x00000000871a60f8,0x0000000087200000)
 Metaspace       used 77640K, committed 79424K, reserved 1179648K
  class space    used 8221K, committed 9024K, reserved 1048576K
}
Event: 4069.314 GC heap after
{Heap after GC invocations=152 (full 3):
 PSYoungGen      total 5120K, used 192K [0x00000000d5580000, 0x00000000d6300000, 0x0000000100000000)
  eden space 4608K, 0% used [0x00000000d5580000,0x00000000d5580000,0x00000000d5a00000)
  from space 512K, 37% used [0x00000000d5a00000,0x00000000d5a30000,0x00000000d5a80000)
  to   space 3072K, 0% used [0x00000000d6000000,0x00000000d6000000,0x00000000d6300000)
 ParOldGen       total 116736K, used 116488K [0x0000000080000000, 0x0000000087200000, 0x00000000d5580000)
  object space 116736K, 99% used [0x0000000080000000,0x00000000871c20f8,0x0000000087200000)
 Metaspace       used 77640K, committed 79424K, reserved 1179648K
  class space    used 8221K, committed 9024K, reserved 1048576K
}
Event: 20472.291 GC heap before
{Heap before GC invocations=153 (full 3):
 PSYoungGen      total 5120K, used 4800K [0x00000000d5580000, 0x00000000d6300000, 0x0000000100000000)
  eden space 4608K, 100% used [0x00000000d5580000,0x00000000d5a00000,0x00000000d5a00000)
  from space 512K, 37% used [0x00000000d5a00000,0x00000000d5a30000,0x00000000d5a80000)
  to   space 3072K, 0% used [0x00000000d6000000,0x00000000d6000000,0x00000000d6300000)
 ParOldGen       total 116736K, used 116488K [0x0000000080000000, 0x0000000087200000, 0x00000000d5580000)
  object space 116736K, 99% used [0x0000000080000000,0x00000000871c20f8,0x0000000087200000)
 Metaspace       used 77699K, committed 79424K, reserved 1179648K
  class space    used 8221K, committed 9024K, reserved 1048576K
}
Event: 20472.357 GC heap after
{Heap after GC invocations=153 (full 3):
 PSYoungGen      total 5120K, used 128K [0x00000000d5580000, 0x00000000d6080000, 0x0000000100000000)
  eden space 4608K, 0% used [0x00000000d5580000,0x00000000d5580000,0x00000000d5a00000)
  from space 512K, 25% used [0x00000000d6000000,0x00000000d6020000,0x00000000d6080000)
  to   space 1024K, 0% used [0x00000000d5e80000,0x00000000d5e80000,0x00000000d5f80000)
 ParOldGen       total 116736K, used 116600K [0x0000000080000000, 0x0000000087200000, 0x00000000d5580000)
  object space 116736K, 99% used [0x0000000080000000,0x00000000871de0f8,0x0000000087200000)
 Metaspace       used 77699K, committed 79424K, reserved 1179648K
  class space    used 8221K, committed 9024K, reserved 1048576K
}
Event: 34939.239 GC heap before
{Heap before GC invocations=154 (full 3):
 PSYoungGen      total 5120K, used 4736K [0x00000000d5580000, 0x00000000d6080000, 0x0000000100000000)
  eden space 4608K, 100% used [0x00000000d5580000,0x00000000d5a00000,0x00000000d5a00000)
  from space 512K, 25% used [0x00000000d6000000,0x00000000d6020000,0x00000000d6080000)
  to   space 1024K, 0% used [0x00000000d5e80000,0x00000000d5e80000,0x00000000d5f80000)
 ParOldGen       total 116736K, used 116600K [0x0000000080000000, 0x0000000087200000, 0x00000000d5580000)
  object space 116736K, 99% used [0x0000000080000000,0x00000000871de0f8,0x0000000087200000)
 Metaspace       used 77732K, committed 79488K, reserved 1179648K
  class space    used 8222K, committed 9024K, reserved 1048576K
}
Event: 34939.270 GC heap after
{Heap after GC invocations=154 (full 3):
 PSYoungGen      total 5632K, used 128K [0x00000000d5580000, 0x00000000d6080000, 0x0000000100000000)
  eden space 4608K, 0% used [0x00000000d5580000,0x00000000d5580000,0x00000000d5a00000)
  from space 1024K, 12% used [0x00000000d5e80000,0x00000000d5ea0000,0x00000000d5f80000)
  to   space 512K, 0% used [0x00000000d6000000,0x00000000d6000000,0x00000000d6080000)
 ParOldGen       total 116736K, used 116616K [0x0000000080000000, 0x0000000087200000, 0x00000000d5580000)
  object space 116736K, 99% used [0x0000000080000000,0x00000000871e20f8,0x0000000087200000)
 Metaspace       used 77732K, committed 79488K, reserved 1179648K
  class space    used 8222K, committed 9024K, reserved 1048576K
}
Event: 34979.194 GC heap before
{Heap before GC invocations=155 (full 3):
 PSYoungGen      total 5632K, used 4736K [0x00000000d5580000, 0x00000000d6080000, 0x0000000100000000)
  eden space 4608K, 100% used [0x00000000d5580000,0x00000000d5a00000,0x00000000d5a00000)
  from space 1024K, 12% used [0x00000000d5e80000,0x00000000d5ea0000,0x00000000d5f80000)
  to   space 512K, 0% used [0x00000000d6000000,0x00000000d6000000,0x00000000d6080000)
 ParOldGen       total 116736K, used 116616K [0x0000000080000000, 0x0000000087200000, 0x00000000d5580000)
  object space 116736K, 99% used [0x0000000080000000,0x00000000871e20f8,0x0000000087200000)
 Metaspace       used 77788K, committed 79488K, reserved 1179648K
  class space    used 8222K, committed 9024K, reserved 1048576K
}
Event: 34979.197 GC heap after
{Heap after GC invocations=155 (full 3):
 PSYoungGen      total 5120K, used 256K [0x00000000d5580000, 0x00000000d6080000, 0x0000000100000000)
  eden space 4608K, 0% used [0x00000000d5580000,0x00000000d5580000,0x00000000d5a00000)
  from space 512K, 50% used [0x00000000d6000000,0x00000000d6040040,0x00000000d6080000)
  to   space 512K, 0% used [0x00000000d5f80000,0x00000000d5f80000,0x00000000d6000000)
 ParOldGen       total 116736K, used 116648K [0x0000000080000000, 0x0000000087200000, 0x00000000d5580000)
  object space 116736K, 99% used [0x0000000080000000,0x00000000871ea0f8,0x0000000087200000)
 Metaspace       used 77788K, committed 79488K, reserved 1179648K
  class space    used 8222K, committed 9024K, reserved 1048576K
}
Event: 88533.100 GC heap before
{Heap before GC invocations=156 (full 3):
 PSYoungGen      total 5120K, used 4864K [0x00000000d5580000, 0x00000000d6080000, 0x0000000100000000)
  eden space 4608K, 100% used [0x00000000d5580000,0x00000000d5a00000,0x00000000d5a00000)
  from space 512K, 50% used [0x00000000d6000000,0x00000000d6040040,0x00000000d6080000)
  to   space 512K, 0% used [0x00000000d5f80000,0x00000000d5f80000,0x00000000d6000000)
 ParOldGen       total 116736K, used 116648K [0x0000000080000000, 0x0000000087200000, 0x00000000d5580000)
  object space 116736K, 99% used [0x0000000080000000,0x00000000871ea0f8,0x0000000087200000)
 Metaspace       used 77792K, committed 79488K, reserved 1179648K
  class space    used 8222K, committed 9024K, reserved 1048576K
}
Event: 88533.105 GC heap after
{Heap after GC invocations=156 (full 3):
 PSYoungGen      total 5120K, used 128K [0x00000000d5580000, 0x00000000d6080000, 0x0000000100000000)
  eden space 4608K, 0% used [0x00000000d5580000,0x00000000d5580000,0x00000000d5a00000)
  from space 512K, 25% used [0x00000000d5f80000,0x00000000d5fa0000,0x00000000d6000000)
  to   space 512K, 0% used [0x00000000d6000000,0x00000000d6000000,0x00000000d6080000)
 ParOldGen       total 117248K, used 116800K [0x0000000080000000, 0x0000000087280000, 0x00000000d5580000)
  object space 117248K, 99% used [0x0000000080000000,0x0000000087210138,0x0000000087280000)
 Metaspace       used 77792K, committed 79488K, reserved 1179648K
  class space    used 8222K, committed 9024K, reserved 1048576K
}
Event: 88550.933 GC heap before
{Heap before GC invocations=157 (full 3):
 PSYoungGen      total 5120K, used 4736K [0x00000000d5580000, 0x00000000d6080000, 0x0000000100000000)
  eden space 4608K, 100% used [0x00000000d5580000,0x00000000d5a00000,0x00000000d5a00000)
  from space 512K, 25% used [0x00000000d5f80000,0x00000000d5fa0000,0x00000000d6000000)
  to   space 512K, 0% used [0x00000000d6000000,0x00000000d6000000,0x00000000d6080000)
 ParOldGen       total 117248K, used 116800K [0x0000000080000000, 0x0000000087280000, 0x00000000d5580000)
  object space 117248K, 99% used [0x0000000080000000,0x0000000087210138,0x0000000087280000)
 Metaspace       used 77793K, committed 79488K, reserved 1179648K
  class space    used 8222K, committed 9024K, reserved 1048576K
}
Event: 88550.936 GC heap after
{Heap after GC invocations=157 (full 3):
 PSYoungGen      total 5120K, used 128K [0x00000000d5580000, 0x00000000d6080000, 0x0000000100000000)
  eden space 4608K, 0% used [0x00000000d5580000,0x00000000d5580000,0x00000000d5a00000)
  from space 512K, 25% used [0x00000000d6000000,0x00000000d6020000,0x00000000d6080000)
  to   space 512K, 0% used [0x00000000d5f80000,0x00000000d5f80000,0x00000000d6000000)
 ParOldGen       total 117248K, used 116808K [0x0000000080000000, 0x0000000087280000, 0x00000000d5580000)
  object space 117248K, 99% used [0x0000000080000000,0x0000000087212138,0x0000000087280000)
 Metaspace       used 77793K, committed 79488K, reserved 1179648K
  class space    used 8222K, committed 9024K, reserved 1048576K
}
Event: 88583.597 GC heap before
{Heap before GC invocations=158 (full 3):
 PSYoungGen      total 5120K, used 4733K [0x00000000d5580000, 0x00000000d6080000, 0x0000000100000000)
  eden space 4608K, 99% used [0x00000000d5580000,0x00000000d59ff440,0x00000000d5a00000)
  from space 512K, 25% used [0x00000000d6000000,0x00000000d6020000,0x00000000d6080000)
  to   space 512K, 0% used [0x00000000d5f80000,0x00000000d5f80000,0x00000000d6000000)
 ParOldGen       total 117248K, used 116808K [0x0000000080000000, 0x0000000087280000, 0x00000000d5580000)
  object space 117248K, 99% used [0x0000000080000000,0x0000000087212138,0x0000000087280000)
 Metaspace       used 77845K, committed 79552K, reserved 1179648K
  class space    used 8226K, committed 9024K, reserved 1048576K
}
Event: 88583.599 GC heap after
{Heap after GC invocations=158 (full 3):
 PSYoungGen      total 5120K, used 192K [0x00000000d5580000, 0x00000000d6080000, 0x0000000100000000)
  eden space 4608K, 0% used [0x00000000d5580000,0x00000000d5580000,0x00000000d5a00000)
  from space 512K, 37% used [0x00000000d5f80000,0x00000000d5fb0020,0x00000000d6000000)
  to   space 512K, 0% used [0x00000000d6000000,0x00000000d6000000,0x00000000d6080000)
 ParOldGen       total 117248K, used 116840K [0x0000000080000000, 0x0000000087280000, 0x00000000d5580000)
  object space 117248K, 99% used [0x0000000080000000,0x000000008721a138,0x0000000087280000)
 Metaspace       used 77845K, committed 79552K, reserved 1179648K
  class space    used 8226K, committed 9024K, reserved 1048576K
}

