# JRE version: OpenJDK Runtime Environment Temurin-21.0.10+7 (21.0.10+7) (build 21.0.10+7-LTS)
# Java VM: OpenJDK 64-Bit Server VM Temurin-21.0.10+7 (21.0.10+7-LTS, mixed mode, sharing, tiered, compressed oops, compressed class ptrs, parallel gc, windows-amd64)
GC Precious Log:
 CardTable entry size: 512
 CPUs: 4 total, 4 available
 Memory: 16146M
 Large Page Support: Disabled
 NUMA Support: Disabled
 Compressed Oops: Enabled (32-bit)
 Alignments: Space 512K, Generation 512K, Heap 2M
 Heap Min Capacity: 100M
 Heap Initial Capacity: 100M
 Heap Max Capacity: 2G
 Pre-touch: Disabled
 Parallel Workers: 4
Heap:
 PSYoungGen      total 4608K, used 2273K [0x00000000d5580000, 0x00000000d5b00000, 0x0000000100000000)
  eden space 3584K, 50% used [0x00000000d5580000,0x00000000d57484e0,0x00000000d5900000)
  from space 1024K, 43% used [0x00000000d5a00000,0x00000000d5a70020,0x00000000d5b00000)
  to   space 1024K, 0% used [0x00000000d5900000,0x00000000d5900000,0x00000000d5a00000)
 ParOldGen       total 813568K, used 265643K [0x0000000080000000, 0x00000000b1a80000, 0x00000000d5580000)
  object space 813568K, 32% used [0x0000000080000000,0x000000009036aee0,0x00000000b1a80000)
 Metaspace       used 87514K, committed 89408K, reserved 1179648K
  class space    used 8817K, committed 9664K, reserved 1048576K
GC Heap History (20 events):
Event: 12461.350 GC heap before
{Heap before GC invocations=1484 (full 5):
 PSYoungGen      total 4096K, used 3818K [0x00000000d5580000, 0x00000000d5a80000, 0x0000000100000000)
  eden space 3584K, 100% used [0x00000000d5580000,0x00000000d5900000,0x00000000d5900000)
  from space 512K, 45% used [0x00000000d5a00000,0x00000000d5a3a910,0x00000000d5a80000)
  to   space 512K, 0% used [0x00000000d5980000,0x00000000d5980000,0x00000000d5a00000)
 ParOldGen       total 813568K, used 261786K [0x0000000080000000, 0x00000000b1a80000, 0x00000000d5580000)
  object space 813568K, 32% used [0x0000000080000000,0x000000008ffa6ae0,0x00000000b1a80000)
 Metaspace       used 87474K, committed 89344K, reserved 1179648K
  class space    used 8817K, committed 9664K, reserved 1048576K
}
Event: 12461.353 GC heap after
{Heap after GC invocations=1484 (full 5):
 PSYoungGen      total 4096K, used 512K [0x00000000d5580000, 0x00000000d5b00000, 0x0000000100000000)
  eden space 3584K, 0% used [0x00000000d5580000,0x00000000d5580000,0x00000000d5900000)
  from space 512K, 100% used [0x00000000d5980000,0x00000000d5a00000,0x00000000d5a00000)
  to   space 1024K, 0% used [0x00000000d5a00000,0x00000000d5a00000,0x00000000d5b00000)
 ParOldGen       total 813568K, used 261976K [0x0000000080000000, 0x00000000b1a80000, 0x00000000d5580000)
  object space 813568K, 32% used [0x0000000080000000,0x000000008ffd63d0,0x00000000b1a80000)
 Metaspace       used 87474K, committed 89344K, reserved 1179648K
  class space    used 8817K, committed 9664K, reserved 1048576K
}
Event: 12461.382 GC heap before
{Heap before GC invocations=1485 (full 5):
 PSYoungGen      total 4096K, used 4096K [0x00000000d5580000, 0x00000000d5b00000, 0x0000000100000000)
  eden space 3584K, 100% used [0x00000000d5580000,0x00000000d5900000,0x00000000d5900000)
  from space 512K, 100% used [0x00000000d5980000,0x00000000d5a00000,0x00000000d5a00000)
  to   space 1024K, 0% used [0x00000000d5a00000,0x00000000d5a00000,0x00000000d5b00000)
 ParOldGen       total 813568K, used 261976K [0x0000000080000000, 0x00000000b1a80000, 0x00000000d5580000)
  object space 813568K, 32% used [0x0000000080000000,0x000000008ffd63d0,0x00000000b1a80000)
 Metaspace       used 87474K, committed 89344K, reserved 1179648K
  class space    used 8817K, committed 9664K, reserved 1048576K
}
Event: 12461.384 GC heap after
{Heap after GC invocations=1485 (full 5):
 PSYoungGen      total 4096K, used 416K [0x00000000d5580000, 0x00000000d5a80000, 0x0000000100000000)
  eden space 3584K, 0% used [0x00000000d5580000,0x00000000d5580000,0x00000000d5900000)
  from space 512K, 81% used [0x00000000d5a00000,0x00000000d5a68020,0x00000000d5a80000)
  to   space 512K, 0% used [0x00000000d5980000,0x00000000d5980000,0x00000000d5a00000)
 ParOldGen       total 813568K, used 262424K [0x0000000080000000, 0x00000000b1a80000, 0x00000000d5580000)
  object space 813568K, 32% used [0x0000000080000000,0x00000000900463f0,0x00000000b1a80000)
 Metaspace       used 87474K, committed 89344K, reserved 1179648K
  class space    used 8817K, committed 9664K, reserved 1048576K
}
Event: 12461.489 GC heap before
{Heap before GC invocations=1486 (full 5):
 PSYoungGen      total 4096K, used 4000K [0x00000000d5580000, 0x00000000d5a80000, 0x0000000100000000)
  eden space 3584K, 100% used [0x00000000d5580000,0x00000000d5900000,0x00000000d5900000)
  from space 512K, 81% used [0x00000000d5a00000,0x00000000d5a68020,0x00000000d5a80000)
  to   space 512K, 0% used [0x00000000d5980000,0x00000000d5980000,0x00000000d5a00000)
 ParOldGen       total 813568K, used 262424K [0x0000000080000000, 0x00000000b1a80000, 0x00000000d5580000)
  object space 813568K, 32% used [0x0000000080000000,0x00000000900463f0,0x00000000b1a80000)
 Metaspace       used 87497K, committed 89344K, reserved 1179648K
  class space    used 8817K, committed 9664K, reserved 1048576K
}
Event: 12461.494 GC heap after
{Heap after GC invocations=1486 (full 5):
 PSYoungGen      total 4096K, used 512K [0x00000000d5580000, 0x00000000d5c00000, 0x0000000100000000)
  eden space 3584K, 0% used [0x00000000d5580000,0x00000000d5580000,0x00000000d5900000)
  from space 512K, 100% used [0x00000000d5980000,0x00000000d5a00000,0x00000000d5a00000)
  to   space 1536K, 0% used [0x00000000d5a80000,0x00000000d5a80000,0x00000000d5c00000)
 ParOldGen       total 813568K, used 262949K [0x0000000080000000, 0x00000000b1a80000, 0x00000000d5580000)
  object space 813568K, 32% used [0x0000000080000000,0x00000000900c94e0,0x00000000b1a80000)
 Metaspace       used 87497K, committed 89344K, reserved 1179648K
  class space    used 8817K, committed 9664K, reserved 1048576K
}
Event: 12461.535 GC heap before
{Heap before GC invocations=1487 (full 5):
 PSYoungGen      total 4096K, used 4096K [0x00000000d5580000, 0x00000000d5c00000, 0x0000000100000000)
  eden space 3584K, 100% used [0x00000000d5580000,0x00000000d5900000,0x00000000d5900000)
  from space 512K, 100% used [0x00000000d5980000,0x00000000d5a00000,0x00000000d5a00000)
  to   space 1536K, 0% used [0x00000000d5a80000,0x00000000d5a80000,0x00000000d5c00000)
 ParOldGen       total 813568K, used 262949K [0x0000000080000000, 0x00000000b1a80000, 0x00000000d5580000)
  object space 813568K, 32% used [0x0000000080000000,0x00000000900c94e0,0x00000000b1a80000)
 Metaspace       used 87499K, committed 89344K, reserved 1179648K
  class space    used 8817K, committed 9664K, reserved 1048576K
}
Event: 12461.538 GC heap after
{Heap after GC invocations=1487 (full 5):
 PSYoungGen      total 4096K, used 192K [0x00000000d5580000, 0x00000000d5b00000, 0x0000000100000000)
  eden space 3584K, 0% used [0x00000000d5580000,0x00000000d5580000,0x00000000d5900000)
  from space 512K, 37% used [0x00000000d5a80000,0x00000000d5ab0000,0x00000000d5b00000)
  to   space 512K, 0% used [0x00000000d5980000,0x00000000d5980000,0x00000000d5a00000)
 ParOldGen       total 813568K, used 263455K [0x0000000080000000, 0x00000000b1a80000, 0x00000000d5580000)
  object space 813568K, 32% used [0x0000000080000000,0x0000000090147ea0,0x00000000b1a80000)
 Metaspace       used 87499K, committed 89344K, reserved 1179648K
  class space    used 8817K, committed 9664K, reserved 1048576K
}
Event: 12463.320 GC heap before
{Heap before GC invocations=1488 (full 5):
 PSYoungGen      total 4096K, used 3775K [0x00000000d5580000, 0x00000000d5b00000, 0x0000000100000000)
  eden space 3584K, 99% used [0x00000000d5580000,0x00000000d58ffff0,0x00000000d5900000)
  from space 512K, 37% used [0x00000000d5a80000,0x00000000d5ab0000,0x00000000d5b00000)
  to   space 512K, 0% used [0x00000000d5980000,0x00000000d5980000,0x00000000d5a00000)
 ParOldGen       total 813568K, used 263455K [0x0000000080000000, 0x00000000b1a80000, 0x00000000d5580000)
  object space 813568K, 32% used [0x0000000080000000,0x0000000090147ea0,0x00000000b1a80000)
 Metaspace       used 87499K, committed 89344K, reserved 1179648K
  class space    used 8817K, committed 9664K, reserved 1048576K
}
Event: 12463.321 GC heap after
{Heap after GC invocations=1488 (full 5):
 PSYoungGen      total 4096K, used 244K [0x00000000d5580000, 0x00000000d5b00000, 0x0000000100000000)
  eden space 3584K, 0% used [0x00000000d5580000,0x00000000d5580000,0x00000000d5900000)
  from space 512K, 47% used [0x00000000d5980000,0x00000000d59bd220,0x00000000d5a00000)
  to   space 512K, 0% used [0x00000000d5a80000,0x00000000d5a80000,0x00000000d5b00000)
 ParOldGen       total 813568K, used 263487K [0x0000000080000000, 0x00000000b1a80000, 0x00000000d5580000)
  object space 813568K, 32% used [0x0000000080000000,0x000000009014fea0,0x00000000b1a80000)
 Metaspace       used 87499K, committed 89344K, reserved 1179648K
  class space    used 8817K, committed 9664K, reserved 1048576K
}
Event: 12463.330 GC heap before
{Heap before GC invocations=1489 (full 5):
 PSYoungGen      total 4096K, used 3828K [0x00000000d5580000, 0x00000000d5b00000, 0x0000000100000000)
  eden space 3584K, 100% used [0x00000000d5580000,0x00000000d5900000,0x00000000d5900000)
  from space 512K, 47% used [0x00000000d5980000,0x00000000d59bd220,0x00000000d5a00000)
  to   space 512K, 0% used [0x00000000d5a80000,0x00000000d5a80000,0x00000000d5b00000)
 ParOldGen       total 813568K, used 263487K [0x0000000080000000, 0x00000000b1a80000, 0x00000000d5580000)
  object space 813568K, 32% used [0x0000000080000000,0x000000009014fea0,0x00000000b1a80000)
 Metaspace       used 87499K, committed 89344K, reserved 1179648K
  class space    used 8817K, committed 9664K, reserved 1048576K
}
Event: 12463.332 GC heap after
{Heap after GC invocations=1489 (full 5):
 PSYoungGen      total 4096K, used 464K [0x00000000d5580000, 0x00000000d5b00000, 0x0000000100000000)
  eden space 3584K, 0% used [0x00000000d5580000,0x00000000d5580000,0x00000000d5900000)
  from space 512K, 90% used [0x00000000d5a80000,0x00000000d5af4030,0x00000000d5b00000)
  to   space 512K, 0% used [0x00000000d5980000,0x00000000d5980000,0x00000000d5a00000)
 ParOldGen       total 813568K, used 263668K [0x0000000080000000, 0x00000000b1a80000, 0x00000000d5580000)
  object space 813568K, 32% used [0x0000000080000000,0x000000009017d0c0,0x00000000b1a80000)
 Metaspace       used 87499K, committed 89344K, reserved 1179648K
  class space    used 8817K, committed 9664K, reserved 1048576K
}
Event: 12463.345 GC heap before
{Heap before GC invocations=1490 (full 5):
 PSYoungGen      total 4096K, used 4048K [0x00000000d5580000, 0x00000000d5b00000, 0x0000000100000000)
  eden space 3584K, 99% used [0x00000000d5580000,0x00000000d58fffe0,0x00000000d5900000)
  from space 512K, 90% used [0x00000000d5a80000,0x00000000d5af4030,0x00000000d5b00000)
  to   space 512K, 0% used [0x00000000d5980000,0x00000000d5980000,0x00000000d5a00000)
 ParOldGen       total 813568K, used 263668K [0x0000000080000000, 0x00000000b1a80000, 0x00000000d5580000)
  object space 813568K, 32% used [0x0000000080000000,0x000000009017d0c0,0x00000000b1a80000)
 Metaspace       used 87499K, committed 89344K, reserved 1179648K
  class space    used 8817K, committed 9664K, reserved 1048576K
}
Event: 12463.348 GC heap after
{Heap after GC invocations=1490 (full 5):
 PSYoungGen      total 4096K, used 448K [0x00000000d5580000, 0x00000000d5b00000, 0x0000000100000000)
  eden space 3584K, 0% used [0x00000000d5580000,0x00000000d5580000,0x00000000d5900000)
  from space 512K, 87% used [0x00000000d5980000,0x00000000d59f0000,0x00000000d5a00000)
  to   space 512K, 0% used [0x00000000d5a80000,0x00000000d5a80000,0x00000000d5b00000)
 ParOldGen       total 813568K, used 264089K [0x0000000080000000, 0x00000000b1a80000, 0x00000000d5580000)
  object space 813568K, 32% used [0x0000000080000000,0x00000000901e6540,0x00000000b1a80000)
 Metaspace       used 87499K, committed 89344K, reserved 1179648K
  class space    used 8817K, committed 9664K, reserved 1048576K
}
Event: 12463.365 GC heap before
{Heap before GC invocations=1491 (full 5):
 PSYoungGen      total 4096K, used 4032K [0x00000000d5580000, 0x00000000d5b00000, 0x0000000100000000)
  eden space 3584K, 100% used [0x00000000d5580000,0x00000000d5900000,0x00000000d5900000)
  from space 512K, 87% used [0x00000000d5980000,0x00000000d59f0000,0x00000000d5a00000)
  to   space 512K, 0% used [0x00000000d5a80000,0x00000000d5a80000,0x00000000d5b00000)
 ParOldGen       total 813568K, used 264089K [0x0000000080000000, 0x00000000b1a80000, 0x00000000d5580000)
  object space 813568K, 32% used [0x0000000080000000,0x00000000901e6540,0x00000000b1a80000)
 Metaspace       used 87511K, committed 89408K, reserved 1179648K
  class space    used 8817K, committed 9664K, reserved 1048576K
}
Event: 12463.367 GC heap after
{Heap after GC invocations=1491 (full 5):
 PSYoungGen      total 4096K, used 496K [0x00000000d5580000, 0x00000000d5c00000, 0x0000000100000000)
  eden space 3584K, 0% used [0x00000000d5580000,0x00000000d5580000,0x00000000d5900000)
  from space 512K, 96% used [0x00000000d5a80000,0x00000000d5afc010,0x00000000d5b00000)
  to   space 1536K, 0% used [0x00000000d5900000,0x00000000d5900000,0x00000000d5a80000)
 ParOldGen       total 813568K, used 264570K [0x0000000080000000, 0x00000000b1a80000, 0x00000000d5580000)
  object space 813568K, 32% used [0x0000000080000000,0x000000009025e810,0x00000000b1a80000)
 Metaspace       used 87511K, committed 89408K, reserved 1179648K
  class space    used 8817K, committed 9664K, reserved 1048576K
}
Event: 12463.376 GC heap before
{Heap before GC invocations=1492 (full 5):
 PSYoungGen      total 4096K, used 4080K [0x00000000d5580000, 0x00000000d5c00000, 0x0000000100000000)
  eden space 3584K, 100% used [0x00000000d5580000,0x00000000d5900000,0x00000000d5900000)
  from space 512K, 96% used [0x00000000d5a80000,0x00000000d5afc010,0x00000000d5b00000)
  to   space 1536K, 0% used [0x00000000d5900000,0x00000000d5900000,0x00000000d5a80000)
 ParOldGen       total 813568K, used 264570K [0x0000000080000000, 0x00000000b1a80000, 0x00000000d5580000)
  object space 813568K, 32% used [0x0000000080000000,0x000000009025e810,0x00000000b1a80000)
 Metaspace       used 87511K, committed 89408K, reserved 1179648K
  class space    used 8817K, committed 9664K, reserved 1048576K
}
Event: 12463.379 GC heap after
{Heap after GC invocations=1492 (full 5):
 PSYoungGen      total 4608K, used 640K [0x00000000d5580000, 0x00000000d5b00000, 0x0000000100000000)
  eden space 3584K, 0% used [0x00000000d5580000,0x00000000d5580000,0x00000000d5900000)
  from space 1024K, 62% used [0x00000000d5900000,0x00000000d59a0000,0x00000000d5a00000)
  to   space 1024K, 0% used [0x00000000d5a00000,0x00000000d5a00000,0x00000000d5b00000)
 ParOldGen       total 813568K, used 265051K [0x0000000080000000, 0x00000000b1a80000, 0x00000000d5580000)
  object space 813568K, 32% used [0x0000000080000000,0x00000000902d6ec0,0x00000000b1a80000)
 Metaspace       used 87511K, committed 89408K, reserved 1179648K
  class space    used 8817K, committed 9664K, reserved 1048576K
}
Event: 12463.394 GC heap before
{Heap before GC invocations=1493 (full 5):
 PSYoungGen      total 4608K, used 4224K [0x00000000d5580000, 0x00000000d5b00000, 0x0000000100000000)
  eden space 3584K, 100% used [0x00000000d5580000,0x00000000d5900000,0x00000000d5900000)
  from space 1024K, 62% used [0x00000000d5900000,0x00000000d59a0000,0x00000000d5a00000)
  to   space 1024K, 0% used [0x00000000d5a00000,0x00000000d5a00000,0x00000000d5b00000)
 ParOldGen       total 813568K, used 265051K [0x0000000080000000, 0x00000000b1a80000, 0x00000000d5580000)
  object space 813568K, 32% used [0x0000000080000000,0x00000000902d6ec0,0x00000000b1a80000)
 Metaspace       used 87511K, committed 89408K, reserved 1179648K
  class space    used 8817K, committed 9664K, reserved 1048576K
}
Event: 12463.396 GC heap after
{Heap after GC invocations=1493 (full 5):
 PSYoungGen      total 4608K, used 448K [0x00000000d5580000, 0x00000000d5b00000, 0x0000000100000000)
  eden space 3584K, 0% used [0x00000000d5580000,0x00000000d5580000,0x00000000d5900000)
  from space 1024K, 43% used [0x00000000d5a00000,0x00000000d5a70020,0x00000000d5b00000)
  to   space 1024K, 0% used [0x00000000d5900000,0x00000000d5900000,0x00000000d5a00000)
 ParOldGen       total 813568K, used 265643K [0x0000000080000000, 0x00000000b1a80000, 0x00000000d5580000)
  object space 813568K, 32% used [0x0000000080000000,0x000000009036aee0,0x00000000b1a80000)
 Metaspace       used 87511K, committed 89408K, reserved 1179648K
  class space    used 8817K, committed 9664K, reserved 1048576K
}

