# JRE version: OpenJDK Runtime Environment Temurin-21.0.10+7 (21.0.10+7) (build 21.0.10+7-LTS)
# Java VM: OpenJDK 64-Bit Server VM Temurin-21.0.10+7 (21.0.10+7-LTS, mixed mode, sharing, tiered, compressed oops, compressed class ptrs, parallel gc, windows-amd64)
GC Precious Log:
 CardTable entry size: 512
 CPUs: 4 total, 4 available
 Memory: 16146M
 Large Page Support: Disabled
 NUMA Support: Disabled
 Compressed Oops: Enabled (32-bit)
 Alignments: Space 512K, Generation 512K, Heap 2M
 Heap Min Capacity: 100M
 Heap Initial Capacity: 100M
 Heap Max Capacity: 2G
 Pre-touch: Disabled
 Parallel Workers: 4
Heap:
 PSYoungGen      total 4608K, used 596K [0x00000000d5580000, 0x00000000d5e80000, 0x0000000100000000)
  eden space 4096K, 2% used [0x00000000d5580000,0x00000000d5595238,0x00000000d5980000)
  from space 512K, 100% used [0x00000000d5980000,0x00000000d5a00000,0x00000000d5a00000)
  to   space 2048K, 0% used [0x00000000d5c80000,0x00000000d5c80000,0x00000000d5e80000)
 ParOldGen       total 135680K, used 126926K [0x0000000080000000, 0x0000000088480000, 0x00000000d5580000)
  object space 135680K, 93% used [0x0000000080000000,0x0000000087bf3800,0x0000000088480000)
 Metaspace       used 75539K, committed 77120K, reserved 1179648K
  class space    used 7650K, committed 8320K, reserved 1048576K
GC Heap History (20 events):
Event: 502.826 GC heap before
{Heap before GC invocations=212 (full 4):
 PSYoungGen      total 8704K, used 7232K [0x00000000d5580000, 0x00000000d6080000, 0x0000000100000000)
  eden space 6656K, 100% used [0x00000000d5580000,0x00000000d5c00000,0x00000000d5c00000)
  from space 2048K, 28% used [0x00000000d5c80000,0x00000000d5d10040,0x00000000d5e80000)
  to   space 1024K, 0% used [0x00000000d5f80000,0x00000000d5f80000,0x00000000d6080000)
 ParOldGen       total 135680K, used 115794K [0x0000000080000000, 0x0000000088480000, 0x00000000d5580000)
  object space 135680K, 85% used [0x0000000080000000,0x0000000087114a18,0x0000000088480000)
 Metaspace       used 75428K, committed 77056K, reserved 1179648K
  class space    used 7642K, committed 8320K, reserved 1048576K
}
Event: 502.832 GC heap after
{Heap after GC invocations=212 (full 4):
 PSYoungGen      total 7168K, used 464K [0x00000000d5580000, 0x00000000d6000000, 0x0000000100000000)
  eden space 6656K, 0% used [0x00000000d5580000,0x00000000d5580000,0x00000000d5c00000)
  from space 512K, 90% used [0x00000000d5f80000,0x00000000d5ff4010,0x00000000d6000000)
  to   space 1024K, 0% used [0x00000000d5e00000,0x00000000d5e00000,0x00000000d5f00000)
 ParOldGen       total 135680K, used 116322K [0x0000000080000000, 0x0000000088480000, 0x00000000d5580000)
  object space 135680K, 85% used [0x0000000080000000,0x0000000087198a78,0x0000000088480000)
 Metaspace       used 75428K, committed 77056K, reserved 1179648K
  class space    used 7642K, committed 8320K, reserved 1048576K
}
Event: 503.426 GC heap before
{Heap before GC invocations=213 (full 4):
 PSYoungGen      total 7168K, used 7120K [0x00000000d5580000, 0x00000000d6000000, 0x0000000100000000)
  eden space 6656K, 100% used [0x00000000d5580000,0x00000000d5c00000,0x00000000d5c00000)
  from space 512K, 90% used [0x00000000d5f80000,0x00000000d5ff4010,0x00000000d6000000)
  to   space 1024K, 0% used [0x00000000d5e00000,0x00000000d5e00000,0x00000000d5f00000)
 ParOldGen       total 135680K, used 116322K [0x0000000080000000, 0x0000000088480000, 0x00000000d5580000)
  object space 135680K, 85% used [0x0000000080000000,0x0000000087198a78,0x0000000088480000)
 Metaspace       used 75428K, committed 77056K, reserved 1179648K
  class space    used 7642K, committed 8320K, reserved 1048576K
}
Event: 503.430 GC heap after
{Heap after GC invocations=213 (full 4):
 PSYoungGen      total 7680K, used 608K [0x00000000d5580000, 0x00000000d6000000, 0x0000000100000000)
  eden space 6656K, 0% used [0x00000000d5580000,0x00000000d5580000,0x00000000d5c00000)
  from space 1024K, 59% used [0x00000000d5e00000,0x00000000d5e98040,0x00000000d5f00000)
  to   space 1024K, 0% used [0x00000000d5f00000,0x00000000d5f00000,0x00000000d6000000)
 ParOldGen       total 135680K, used 116674K [0x0000000080000000, 0x0000000088480000, 0x00000000d5580000)
  object space 135680K, 85% used [0x0000000080000000,0x00000000871f0998,0x0000000088480000)
 Metaspace       used 75428K, committed 77056K, reserved 1179648K
  class space    used 7642K, committed 8320K, reserved 1048576K
}
Event: 503.981 GC heap before
{Heap before GC invocations=214 (full 4):
 PSYoungGen      total 7680K, used 7264K [0x00000000d5580000, 0x00000000d6000000, 0x0000000100000000)
  eden space 6656K, 100% used [0x00000000d5580000,0x00000000d5c00000,0x00000000d5c00000)
  from space 1024K, 59% used [0x00000000d5e00000,0x00000000d5e98040,0x00000000d5f00000)
  to   space 1024K, 0% used [0x00000000d5f00000,0x00000000d5f00000,0x00000000d6000000)
 ParOldGen       total 135680K, used 116674K [0x0000000080000000, 0x0000000088480000, 0x00000000d5580000)
  object space 135680K, 85% used [0x0000000080000000,0x00000000871f0998,0x0000000088480000)
 Metaspace       used 75442K, committed 77056K, reserved 1179648K
  class space    used 7643K, committed 8320K, reserved 1048576K
}
Event: 503.991 GC heap after
{Heap after GC invocations=214 (full 4):
 PSYoungGen      total 7680K, used 1023K [0x00000000d5580000, 0x00000000d6200000, 0x0000000100000000)
  eden space 6656K, 0% used [0x00000000d5580000,0x00000000d5580000,0x00000000d5c00000)
  from space 1024K, 99% used [0x00000000d5f00000,0x00000000d5fffcb0,0x00000000d6000000)
  to   space 3072K, 0% used [0x00000000d5c00000,0x00000000d5c00000,0x00000000d5f00000)
 ParOldGen       total 135680K, used 118094K [0x0000000080000000, 0x0000000088480000, 0x00000000d5580000)
  object space 135680K, 87% used [0x0000000080000000,0x0000000087353a30,0x0000000088480000)
 Metaspace       used 75442K, committed 77056K, reserved 1179648K
  class space    used 7643K, committed 8320K, reserved 1048576K
}
Event: 504.132 GC heap before
{Heap before GC invocations=215 (full 4):
 PSYoungGen      total 7680K, used 7679K [0x00000000d5580000, 0x00000000d6200000, 0x0000000100000000)
  eden space 6656K, 99% used [0x00000000d5580000,0x00000000d5bfff68,0x00000000d5c00000)
  from space 1024K, 99% used [0x00000000d5f00000,0x00000000d5fffcb0,0x00000000d6000000)
  to   space 3072K, 0% used [0x00000000d5c00000,0x00000000d5c00000,0x00000000d5f00000)
 ParOldGen       total 135680K, used 118094K [0x0000000080000000, 0x0000000088480000, 0x00000000d5580000)
  object space 135680K, 87% used [0x0000000080000000,0x0000000087353a30,0x0000000088480000)
 Metaspace       used 75492K, committed 77120K, reserved 1179648K
  class space    used 7650K, committed 8320K, reserved 1048576K
}
Event: 504.138 GC heap after
{Heap after GC invocations=215 (full 4):
 PSYoungGen      total 9216K, used 2324K [0x00000000d5580000, 0x00000000d6100000, 0x0000000100000000)
  eden space 6656K, 0% used [0x00000000d5580000,0x00000000d5580000,0x00000000d5c00000)
  from space 2560K, 90% used [0x00000000d5c00000,0x00000000d5e45200,0x00000000d5e80000)
  to   space 2560K, 0% used [0x00000000d5e80000,0x00000000d5e80000,0x00000000d6100000)
 ParOldGen       total 135680K, used 119125K [0x0000000080000000, 0x0000000088480000, 0x00000000d5580000)
  object space 135680K, 87% used [0x0000000080000000,0x00000000874556e0,0x0000000088480000)
 Metaspace       used 75492K, committed 77120K, reserved 1179648K
  class space    used 7650K, committed 8320K, reserved 1048576K
}
Event: 504.201 GC heap before
{Heap before GC invocations=216 (full 4):
 PSYoungGen      total 9216K, used 8980K [0x00000000d5580000, 0x00000000d6100000, 0x0000000100000000)
  eden space 6656K, 100% used [0x00000000d5580000,0x00000000d5c00000,0x00000000d5c00000)
  from space 2560K, 90% used [0x00000000d5c00000,0x00000000d5e45200,0x00000000d5e80000)
  to   space 2560K, 0% used [0x00000000d5e80000,0x00000000d5e80000,0x00000000d6100000)
 ParOldGen       total 135680K, used 119125K [0x0000000080000000, 0x0000000088480000, 0x00000000d5580000)
  object space 135680K, 87% used [0x0000000080000000,0x00000000874556e0,0x0000000088480000)
 Metaspace       used 75495K, committed 77120K, reserved 1179648K
  class space    used 7650K, committed 8320K, reserved 1048576K
}
Event: 504.211 GC heap after
{Heap after GC invocations=216 (full 4):
 PSYoungGen      total 7680K, used 896K [0x00000000d5580000, 0x00000000d5f80000, 0x0000000100000000)
  eden space 6656K, 0% used [0x00000000d5580000,0x00000000d5580000,0x00000000d5c00000)
  from space 1024K, 87% used [0x00000000d5e80000,0x00000000d5f60020,0x00000000d5f80000)
  to   space 1536K, 0% used [0x00000000d5c80000,0x00000000d5c80000,0x00000000d5e00000)
 ParOldGen       total 135680K, used 121290K [0x0000000080000000, 0x0000000088480000, 0x00000000d5580000)
  object space 135680K, 89% used [0x0000000080000000,0x00000000876728e0,0x0000000088480000)
 Metaspace       used 75495K, committed 77120K, reserved 1179648K
  class space    used 7650K, committed 8320K, reserved 1048576K
}
Event: 504.234 GC heap before
{Heap before GC invocations=217 (full 4):
 PSYoungGen      total 7680K, used 7552K [0x00000000d5580000, 0x00000000d5f80000, 0x0000000100000000)
  eden space 6656K, 100% used [0x00000000d5580000,0x00000000d5c00000,0x00000000d5c00000)
  from space 1024K, 87% used [0x00000000d5e80000,0x00000000d5f60020,0x00000000d5f80000)
  to   space 1536K, 0% used [0x00000000d5c80000,0x00000000d5c80000,0x00000000d5e00000)
 ParOldGen       total 135680K, used 121290K [0x0000000080000000, 0x0000000088480000, 0x00000000d5580000)
  object space 135680K, 89% used [0x0000000080000000,0x00000000876728e0,0x0000000088480000)
 Metaspace       used 75495K, committed 77120K, reserved 1179648K
  class space    used 7650K, committed 8320K, reserved 1048576K
}
Event: 504.238 GC heap after
{Heap after GC invocations=217 (full 4):
 PSYoungGen      total 8192K, used 496K [0x00000000d5580000, 0x00000000d5f00000, 0x0000000100000000)
  eden space 6656K, 0% used [0x00000000d5580000,0x00000000d5580000,0x00000000d5c00000)
  from space 1536K, 32% used [0x00000000d5c80000,0x00000000d5cfc010,0x00000000d5e00000)
  to   space 1024K, 0% used [0x00000000d5e00000,0x00000000d5e00000,0x00000000d5f00000)
 ParOldGen       total 135680K, used 122111K [0x0000000080000000, 0x0000000088480000, 0x00000000d5580000)
  object space 135680K, 89% used [0x0000000080000000,0x000000008773ff50,0x0000000088480000)
 Metaspace       used 75495K, committed 77120K, reserved 1179648K
  class space    used 7650K, committed 8320K, reserved 1048576K
}
Event: 504.268 GC heap before
{Heap before GC invocations=218 (full 4):
 PSYoungGen      total 8192K, used 7152K [0x00000000d5580000, 0x00000000d5f00000, 0x0000000100000000)
  eden space 6656K, 100% used [0x00000000d5580000,0x00000000d5c00000,0x00000000d5c00000)
  from space 1536K, 32% used [0x00000000d5c80000,0x00000000d5cfc010,0x00000000d5e00000)
  to   space 1024K, 0% used [0x00000000d5e00000,0x00000000d5e00000,0x00000000d5f00000)
 ParOldGen       total 135680K, used 122111K [0x0000000080000000, 0x0000000088480000, 0x00000000d5580000)
  object space 135680K, 89% used [0x0000000080000000,0x000000008773ff50,0x0000000088480000)
 Metaspace       used 75502K, committed 77120K, reserved 1179648K
  class space    used 7650K, committed 8320K, reserved 1048576K
}
Event: 504.271 GC heap after
{Heap after GC invocations=218 (full 4):
 PSYoungGen      total 7680K, used 528K [0x00000000d5580000, 0x00000000d5f00000, 0x0000000100000000)
  eden space 6656K, 0% used [0x00000000d5580000,0x00000000d5580000,0x00000000d5c00000)
  from space 1024K, 51% used [0x00000000d5e00000,0x00000000d5e84010,0x00000000d5f00000)
  to   space 1024K, 0% used [0x00000000d5d00000,0x00000000d5d00000,0x00000000d5e00000)
 ParOldGen       total 135680K, used 122551K [0x0000000080000000, 0x0000000088480000, 0x00000000d5580000)
  object space 135680K, 90% used [0x0000000080000000,0x00000000877adf90,0x0000000088480000)
 Metaspace       used 75502K, committed 77120K, reserved 1179648K
  class space    used 7650K, committed 8320K, reserved 1048576K
}
Event: 504.311 GC heap before
{Heap before GC invocations=219 (full 4):
 PSYoungGen      total 7680K, used 7184K [0x00000000d5580000, 0x00000000d5f00000, 0x0000000100000000)
  eden space 6656K, 100% used [0x00000000d5580000,0x00000000d5c00000,0x00000000d5c00000)
  from space 1024K, 51% used [0x00000000d5e00000,0x00000000d5e84010,0x00000000d5f00000)
  to   space 1024K, 0% used [0x00000000d5d00000,0x00000000d5d00000,0x00000000d5e00000)
 ParOldGen       total 135680K, used 122551K [0x0000000080000000, 0x0000000088480000, 0x00000000d5580000)
  object space 135680K, 90% used [0x0000000080000000,0x00000000877adf90,0x0000000088480000)
 Metaspace       used 75511K, committed 77120K, reserved 1179648K
  class space    used 7650K, committed 8320K, reserved 1048576K
}
Event: 504.315 GC heap after
{Heap after GC invocations=219 (full 4):
 PSYoungGen      total 7680K, used 512K [0x00000000d5580000, 0x00000000d5e80000, 0x0000000100000000)
  eden space 6656K, 0% used [0x00000000d5580000,0x00000000d5580000,0x00000000d5c00000)
  from space 1024K, 50% used [0x00000000d5d00000,0x00000000d5d80020,0x00000000d5e00000)
  to   space 512K, 0% used [0x00000000d5e00000,0x00000000d5e00000,0x00000000d5e80000)
 ParOldGen       total 135680K, used 123003K [0x0000000080000000, 0x0000000088480000, 0x00000000d5580000)
  object space 135680K, 90% used [0x0000000080000000,0x000000008781eec0,0x0000000088480000)
 Metaspace       used 75511K, committed 77120K, reserved 1179648K
  class space    used 7650K, committed 8320K, reserved 1048576K
}
Event: 504.384 GC heap before
{Heap before GC invocations=220 (full 4):
 PSYoungGen      total 7680K, used 7168K [0x00000000d5580000, 0x00000000d5e80000, 0x0000000100000000)
  eden space 6656K, 100% used [0x00000000d5580000,0x00000000d5c00000,0x00000000d5c00000)
  from space 1024K, 50% used [0x00000000d5d00000,0x00000000d5d80020,0x00000000d5e00000)
  to   space 512K, 0% used [0x00000000d5e00000,0x00000000d5e00000,0x00000000d5e80000)
 ParOldGen       total 135680K, used 123003K [0x0000000080000000, 0x0000000088480000, 0x00000000d5580000)
  object space 135680K, 90% used [0x0000000080000000,0x000000008781eec0,0x0000000088480000)
 Metaspace       used 75536K, committed 77120K, reserved 1179648K
  class space    used 7650K, committed 8320K, reserved 1048576K
}
Event: 504.400 GC heap after
{Heap after GC invocations=220 (full 4):
 PSYoungGen      total 4608K, used 493K [0x00000000d5580000, 0x00000000d6500000, 0x0000000100000000)
  eden space 4096K, 0% used [0x00000000d5580000,0x00000000d5580000,0x00000000d5980000)
  from space 512K, 96% used [0x00000000d5e00000,0x00000000d5e7b4e8,0x00000000d5e80000)
  to   space 4608K, 0% used [0x00000000d5980000,0x00000000d5980000,0x00000000d5e00000)
 ParOldGen       total 135680K, used 126444K [0x0000000080000000, 0x0000000088480000, 0x00000000d5580000)
  object space 135680K, 93% used [0x0000000080000000,0x0000000087b7b2e8,0x0000000088480000)
 Metaspace       used 75536K, committed 77120K, reserved 1179648K
  class space    used 7650K, committed 8320K, reserved 1048576K
}
Event: 504.482 GC heap before
{Heap before GC invocations=221 (full 4):
 PSYoungGen      total 4608K, used 4589K [0x00000000d5580000, 0x00000000d6500000, 0x0000000100000000)
  eden space 4096K, 100% used [0x00000000d5580000,0x00000000d5980000,0x00000000d5980000)
  from space 512K, 96% used [0x00000000d5e00000,0x00000000d5e7b4e8,0x00000000d5e80000)
  to   space 4608K, 0% used [0x00000000d5980000,0x00000000d5980000,0x00000000d5e00000)
 ParOldGen       total 135680K, used 126444K [0x0000000080000000, 0x0000000088480000, 0x00000000d5580000)
  object space 135680K, 93% used [0x0000000080000000,0x0000000087b7b2e8,0x0000000088480000)
 Metaspace       used 75539K, committed 77120K, reserved 1179648K
  class space    used 7650K, committed 8320K, reserved 1048576K
}
Event: 504.485 GC heap after
{Heap after GC invocations=221 (full 4):
 PSYoungGen      total 4608K, used 512K [0x00000000d5580000, 0x00000000d5e80000, 0x0000000100000000)
  eden space 4096K, 0% used [0x00000000d5580000,0x00000000d5580000,0x00000000d5980000)
  from space 512K, 100% used [0x00000000d5980000,0x00000000d5a00000,0x00000000d5a00000)
  to   space 2048K, 0% used [0x00000000d5c80000,0x00000000d5c80000,0x00000000d5e80000)
 ParOldGen       total 135680K, used 126926K [0x0000000080000000, 0x0000000088480000, 0x00000000d5580000)
  object space 135680K, 93% used [0x0000000080000000,0x0000000087bf3800,0x0000000088480000)
 Metaspace       used 75539K, committed 77120K, reserved 1179648K
  class space    used 7650K, committed 8320K, reserved 1048576K
}

