# JRE version: OpenJDK Runtime Environment Temurin-21.0.10+7 (21.0.10+7) (build 21.0.10+7-LTS)
# Java VM: OpenJDK 64-Bit Server VM Temurin-21.0.10+7 (21.0.10+7-LTS, mixed mode, sharing, tiered, compressed oops, compressed class ptrs, parallel gc, windows-amd64)
GC Precious Log:
 CardTable entry size: 512
 CPUs: 4 total, 4 available
 Memory: 16146M
 Large Page Support: Disabled
 NUMA Support: Disabled
 Compressed Oops: Enabled (32-bit)
 Alignments: Space 512K, Generation 512K, Heap 2M
 Heap Min Capacity: 100M
 Heap Initial Capacity: 100M
 Heap Max Capacity: 2G
 Pre-touch: Disabled
 Parallel Workers: 4
Heap:
 PSYoungGen      total 4096K, used 3482K [0x00000000d5580000, 0x00000000d5b00000, 0x0000000100000000)
  eden space 3584K, 83% used [0x00000000d5580000,0x00000000d586abc8,0x00000000d5900000)
  from space 512K, 96% used [0x00000000d5900000,0x00000000d597c010,0x00000000d5980000)
  to   space 1024K, 0% used [0x00000000d5a00000,0x00000000d5a00000,0x00000000d5b00000)
 ParOldGen       total 888320K, used 888047K [0x0000000080000000, 0x00000000b6380000, 0x00000000d5580000)
  object space 888320K, 99% used [0x0000000080000000,0x00000000b633bd48,0x00000000b6380000)
 Metaspace       used 96699K, committed 98688K, reserved 1179648K
  class space    used 9873K, committed 10752K, reserved 1048576K
GC Heap History (20 events):
Event: 1974.957 GC heap before
{Heap before GC invocations=3734 (full 6):
 PSYoungGen      total 5632K, used 5504K [0x00000000d5580000, 0x00000000d5b80000, 0x0000000100000000)
  eden space 5120K, 100% used [0x00000000d5580000,0x00000000d5a80000,0x00000000d5a80000)
  from space 512K, 75% used [0x00000000d5b00000,0x00000000d5b60020,0x00000000d5b80000)
  to   space 512K, 0% used [0x00000000d5a80000,0x00000000d5a80000,0x00000000d5b00000)
 ParOldGen       total 883200K, used 882868K [0x0000000080000000, 0x00000000b5e80000, 0x00000000d5580000)
  object space 883200K, 99% used [0x0000000080000000,0x00000000b5e2d230,0x00000000b5e80000)
 Metaspace       used 96699K, committed 98688K, reserved 1179648K
  class space    used 9873K, committed 10752K, reserved 1048576K
}
Event: 1974.962 GC heap after
{Heap after GC invocations=3734 (full 6):
 PSYoungGen      total 5632K, used 448K [0x00000000d5580000, 0x00000000d5b80000, 0x0000000100000000)
  eden space 5120K, 0% used [0x00000000d5580000,0x00000000d5580000,0x00000000d5a80000)
  from space 512K, 87% used [0x00000000d5a80000,0x00000000d5af0000,0x00000000d5b00000)
  to   space 512K, 0% used [0x00000000d5b00000,0x00000000d5b00000,0x00000000d5b80000)
 ParOldGen       total 883200K, used 883164K [0x0000000080000000, 0x00000000b5e80000, 0x00000000d5580000)
  object space 883200K, 99% used [0x0000000080000000,0x00000000b5e77250,0x00000000b5e80000)
 Metaspace       used 96699K, committed 98688K, reserved 1179648K
  class space    used 9873K, committed 10752K, reserved 1048576K
}
Event: 1974.987 GC heap before
{Heap before GC invocations=3735 (full 6):
 PSYoungGen      total 5632K, used 5568K [0x00000000d5580000, 0x00000000d5b80000, 0x0000000100000000)
  eden space 5120K, 100% used [0x00000000d5580000,0x00000000d5a80000,0x00000000d5a80000)
  from space 512K, 87% used [0x00000000d5a80000,0x00000000d5af0000,0x00000000d5b00000)
  to   space 512K, 0% used [0x00000000d5b00000,0x00000000d5b00000,0x00000000d5b80000)
 ParOldGen       total 883200K, used 883164K [0x0000000080000000, 0x00000000b5e80000, 0x00000000d5580000)
  object space 883200K, 99% used [0x0000000080000000,0x00000000b5e77250,0x00000000b5e80000)
 Metaspace       used 96699K, committed 98688K, reserved 1179648K
  class space    used 9873K, committed 10752K, reserved 1048576K
}
Event: 1974.992 GC heap after
{Heap after GC invocations=3735 (full 6):
 PSYoungGen      total 5632K, used 464K [0x00000000d5580000, 0x00000000d5b80000, 0x0000000100000000)
  eden space 5120K, 0% used [0x00000000d5580000,0x00000000d5580000,0x00000000d5a80000)
  from space 512K, 90% used [0x00000000d5b00000,0x00000000d5b74010,0x00000000d5b80000)
  to   space 512K, 0% used [0x00000000d5a80000,0x00000000d5a80000,0x00000000d5b00000)
 ParOldGen       total 883712K, used 883528K [0x0000000080000000, 0x00000000b5f00000, 0x00000000d5580000)
  object space 883712K, 99% used [0x0000000080000000,0x00000000b5ed22a0,0x00000000b5f00000)
 Metaspace       used 96699K, committed 98688K, reserved 1179648K
  class space    used 9873K, committed 10752K, reserved 1048576K
}
Event: 1975.022 GC heap before
{Heap before GC invocations=3736 (full 6):
 PSYoungGen      total 5632K, used 5584K [0x00000000d5580000, 0x00000000d5b80000, 0x0000000100000000)
  eden space 5120K, 100% used [0x00000000d5580000,0x00000000d5a80000,0x00000000d5a80000)
  from space 512K, 90% used [0x00000000d5b00000,0x00000000d5b74010,0x00000000d5b80000)
  to   space 512K, 0% used [0x00000000d5a80000,0x00000000d5a80000,0x00000000d5b00000)
 ParOldGen       total 883712K, used 883528K [0x0000000080000000, 0x00000000b5f00000, 0x00000000d5580000)
  object space 883712K, 99% used [0x0000000080000000,0x00000000b5ed22a0,0x00000000b5f00000)
 Metaspace       used 96699K, committed 98688K, reserved 1179648K
  class space    used 9873K, committed 10752K, reserved 1048576K
}
Event: 1975.027 GC heap after
{Heap after GC invocations=3736 (full 6):
 PSYoungGen      total 5632K, used 432K [0x00000000d5580000, 0x00000000d5b80000, 0x0000000100000000)
  eden space 5120K, 0% used [0x00000000d5580000,0x00000000d5580000,0x00000000d5a80000)
  from space 512K, 84% used [0x00000000d5a80000,0x00000000d5aec030,0x00000000d5b00000)
  to   space 512K, 0% used [0x00000000d5b00000,0x00000000d5b00000,0x00000000d5b80000)
 ParOldGen       total 884224K, used 883920K [0x0000000080000000, 0x00000000b5f80000, 0x00000000d5580000)
  object space 884224K, 99% used [0x0000000080000000,0x00000000b5f342e0,0x00000000b5f80000)
 Metaspace       used 96699K, committed 98688K, reserved 1179648K
  class space    used 9873K, committed 10752K, reserved 1048576K
}
Event: 1975.065 GC heap before
{Heap before GC invocations=3737 (full 6):
 PSYoungGen      total 5632K, used 5552K [0x00000000d5580000, 0x00000000d5b80000, 0x0000000100000000)
  eden space 5120K, 100% used [0x00000000d5580000,0x00000000d5a80000,0x00000000d5a80000)
  from space 512K, 84% used [0x00000000d5a80000,0x00000000d5aec030,0x00000000d5b00000)
  to   space 512K, 0% used [0x00000000d5b00000,0x00000000d5b00000,0x00000000d5b80000)
 ParOldGen       total 884224K, used 883920K [0x0000000080000000, 0x00000000b5f80000, 0x00000000d5580000)
  object space 884224K, 99% used [0x0000000080000000,0x00000000b5f342e0,0x00000000b5f80000)
 Metaspace       used 96699K, committed 98688K, reserved 1179648K
  class space    used 9873K, committed 10752K, reserved 1048576K
}
Event: 1975.071 GC heap after
{Heap after GC invocations=3737 (full 6):
 PSYoungGen      total 5120K, used 496K [0x00000000d5580000, 0x00000000d5c80000, 0x0000000100000000)
  eden space 4608K, 0% used [0x00000000d5580000,0x00000000d5580000,0x00000000d5a00000)
  from space 512K, 96% used [0x00000000d5b00000,0x00000000d5b7c010,0x00000000d5b80000)
  to   space 1024K, 0% used [0x00000000d5a00000,0x00000000d5a00000,0x00000000d5b00000)
 ParOldGen       total 884736K, used 884336K [0x0000000080000000, 0x00000000b6000000, 0x00000000d5580000)
  object space 884736K, 99% used [0x0000000080000000,0x00000000b5f9c320,0x00000000b6000000)
 Metaspace       used 96699K, committed 98688K, reserved 1179648K
  class space    used 9873K, committed 10752K, reserved 1048576K
}
Event: 1975.109 GC heap before
{Heap before GC invocations=3738 (full 6):
 PSYoungGen      total 5120K, used 5104K [0x00000000d5580000, 0x00000000d5c80000, 0x0000000100000000)
  eden space 4608K, 100% used [0x00000000d5580000,0x00000000d5a00000,0x00000000d5a00000)
  from space 512K, 96% used [0x00000000d5b00000,0x00000000d5b7c010,0x00000000d5b80000)
  to   space 1024K, 0% used [0x00000000d5a00000,0x00000000d5a00000,0x00000000d5b00000)
 ParOldGen       total 884736K, used 884336K [0x0000000080000000, 0x00000000b6000000, 0x00000000d5580000)
  object space 884736K, 99% used [0x0000000080000000,0x00000000b5f9c320,0x00000000b6000000)
 Metaspace       used 96699K, committed 98688K, reserved 1179648K
  class space    used 9873K, committed 10752K, reserved 1048576K
}
Event: 1975.117 GC heap after
{Heap after GC invocations=3738 (full 6):
 PSYoungGen      total 5632K, used 704K [0x00000000d5580000, 0x00000000d5c00000, 0x0000000100000000)
  eden space 4608K, 0% used [0x00000000d5580000,0x00000000d5580000,0x00000000d5a00000)
  from space 1024K, 68% used [0x00000000d5a00000,0x00000000d5ab0000,0x00000000d5b00000)
  to   space 1024K, 0% used [0x00000000d5b00000,0x00000000d5b00000,0x00000000d5c00000)
 ParOldGen       total 885248K, used 884816K [0x0000000080000000, 0x00000000b6080000, 0x00000000d5580000)
  object space 885248K, 99% used [0x0000000080000000,0x00000000b6014360,0x00000000b6080000)
 Metaspace       used 96699K, committed 98688K, reserved 1179648K
  class space    used 9873K, committed 10752K, reserved 1048576K
}
Event: 1975.153 GC heap before
{Heap before GC invocations=3739 (full 6):
 PSYoungGen      total 5632K, used 5312K [0x00000000d5580000, 0x00000000d5c00000, 0x0000000100000000)
  eden space 4608K, 100% used [0x00000000d5580000,0x00000000d5a00000,0x00000000d5a00000)
  from space 1024K, 68% used [0x00000000d5a00000,0x00000000d5ab0000,0x00000000d5b00000)
  to   space 1024K, 0% used [0x00000000d5b00000,0x00000000d5b00000,0x00000000d5c00000)
 ParOldGen       total 885248K, used 884816K [0x0000000080000000, 0x00000000b6080000, 0x00000000d5580000)
  object space 885248K, 99% used [0x0000000080000000,0x00000000b6014360,0x00000000b6080000)
 Metaspace       used 96699K, committed 98688K, reserved 1179648K
  class space    used 9873K, committed 10752K, reserved 1048576K
}
Event: 1975.159 GC heap after
{Heap after GC invocations=3739 (full 6):
 PSYoungGen      total 5632K, used 576K [0x00000000d5580000, 0x00000000d5c00000, 0x0000000100000000)
  eden space 4608K, 0% used [0x00000000d5580000,0x00000000d5580000,0x00000000d5a00000)
  from space 1024K, 56% used [0x00000000d5b00000,0x00000000d5b90020,0x00000000d5c00000)
  to   space 1024K, 0% used [0x00000000d5a00000,0x00000000d5a00000,0x00000000d5b00000)
 ParOldGen       total 885760K, used 885416K [0x0000000080000000, 0x00000000b6100000, 0x00000000d5580000)
  object space 885760K, 99% used [0x0000000080000000,0x00000000b60aa370,0x00000000b6100000)
 Metaspace       used 96699K, committed 98688K, reserved 1179648K
  class space    used 9873K, committed 10752K, reserved 1048576K
}
Event: 1975.202 GC heap before
{Heap before GC invocations=3740 (full 6):
 PSYoungGen      total 5632K, used 5184K [0x00000000d5580000, 0x00000000d5c00000, 0x0000000100000000)
  eden space 4608K, 100% used [0x00000000d5580000,0x00000000d5a00000,0x00000000d5a00000)
  from space 1024K, 56% used [0x00000000d5b00000,0x00000000d5b90020,0x00000000d5c00000)
  to   space 1024K, 0% used [0x00000000d5a00000,0x00000000d5a00000,0x00000000d5b00000)
 ParOldGen       total 885760K, used 885416K [0x0000000080000000, 0x00000000b6100000, 0x00000000d5580000)
  object space 885760K, 99% used [0x0000000080000000,0x00000000b60aa370,0x00000000b6100000)
 Metaspace       used 96699K, committed 98688K, reserved 1179648K
  class space    used 9873K, committed 10752K, reserved 1048576K
}
Event: 1975.208 GC heap after
{Heap after GC invocations=3740 (full 6):
 PSYoungGen      total 5632K, used 775K [0x00000000d5580000, 0x00000000d5c00000, 0x0000000100000000)
  eden space 4608K, 0% used [0x00000000d5580000,0x00000000d5580000,0x00000000d5a00000)
  from space 1024K, 75% used [0x00000000d5a00000,0x00000000d5ac1d50,0x00000000d5b00000)
  to   space 1024K, 0% used [0x00000000d5b00000,0x00000000d5b00000,0x00000000d5c00000)
 ParOldGen       total 886272K, used 885816K [0x0000000080000000, 0x00000000b6180000, 0x00000000d5580000)
  object space 886272K, 99% used [0x0000000080000000,0x00000000b610e3b0,0x00000000b6180000)
 Metaspace       used 96699K, committed 98688K, reserved 1179648K
  class space    used 9873K, committed 10752K, reserved 1048576K
}
Event: 1975.249 GC heap before
{Heap before GC invocations=3741 (full 6):
 PSYoungGen      total 5632K, used 5383K [0x00000000d5580000, 0x00000000d5c00000, 0x0000000100000000)
  eden space 4608K, 100% used [0x00000000d5580000,0x00000000d5a00000,0x00000000d5a00000)
  from space 1024K, 75% used [0x00000000d5a00000,0x00000000d5ac1d50,0x00000000d5b00000)
  to   space 1024K, 0% used [0x00000000d5b00000,0x00000000d5b00000,0x00000000d5c00000)
 ParOldGen       total 886272K, used 885816K [0x0000000080000000, 0x00000000b6180000, 0x00000000d5580000)
  object space 886272K, 99% used [0x0000000080000000,0x00000000b610e3b0,0x00000000b6180000)
 Metaspace       used 96699K, committed 98688K, reserved 1179648K
  class space    used 9873K, committed 10752K, reserved 1048576K
}
Event: 1975.255 GC heap after
{Heap after GC invocations=3741 (full 6):
 PSYoungGen      total 4608K, used 992K [0x00000000d5580000, 0x00000000d5e00000, 0x0000000100000000)
  eden space 3584K, 0% used [0x00000000d5580000,0x00000000d5580000,0x00000000d5900000)
  from space 1024K, 96% used [0x00000000d5b00000,0x00000000d5bf8020,0x00000000d5c00000)
  to   space 2048K, 0% used [0x00000000d5900000,0x00000000d5900000,0x00000000d5b00000)
 ParOldGen       total 886784K, used 886528K [0x0000000080000000, 0x00000000b6200000, 0x00000000d5580000)
  object space 886784K, 99% used [0x0000000080000000,0x00000000b61c0290,0x00000000b6200000)
 Metaspace       used 96699K, committed 98688K, reserved 1179648K
  class space    used 9873K, committed 10752K, reserved 1048576K
}
Event: 1975.277 GC heap before
{Heap before GC invocations=3742 (full 6):
 PSYoungGen      total 4608K, used 4576K [0x00000000d5580000, 0x00000000d5e00000, 0x0000000100000000)
  eden space 3584K, 100% used [0x00000000d5580000,0x00000000d5900000,0x00000000d5900000)
  from space 1024K, 96% used [0x00000000d5b00000,0x00000000d5bf8020,0x00000000d5c00000)
  to   space 2048K, 0% used [0x00000000d5900000,0x00000000d5900000,0x00000000d5b00000)
 ParOldGen       total 886784K, used 886528K [0x0000000080000000, 0x00000000b6200000, 0x00000000d5580000)
  object space 886784K, 99% used [0x0000000080000000,0x00000000b61c0290,0x00000000b6200000)
 Metaspace       used 96699K, committed 98688K, reserved 1179648K
  class space    used 9873K, committed 10752K, reserved 1048576K
}
Event: 1975.286 GC heap after
{Heap after GC invocations=3742 (full 6):
 PSYoungGen      total 4096K, used 400K [0x00000000d5580000, 0x00000000d5b80000, 0x0000000100000000)
  eden space 3584K, 0% used [0x00000000d5580000,0x00000000d5580000,0x00000000d5900000)
  from space 512K, 78% used [0x00000000d5900000,0x00000000d5964010,0x00000000d5980000)
  to   space 1024K, 0% used [0x00000000d5a80000,0x00000000d5a80000,0x00000000d5b80000)
 ParOldGen       total 887808K, used 887528K [0x0000000080000000, 0x00000000b6300000, 0x00000000d5580000)
  object space 887808K, 99% used [0x0000000080000000,0x00000000b62ba2b0,0x00000000b6300000)
 Metaspace       used 96699K, committed 98688K, reserved 1179648K
  class space    used 9873K, committed 10752K, reserved 1048576K
}
Event: 1975.334 GC heap before
{Heap before GC invocations=3743 (full 6):
 PSYoungGen      total 4096K, used 3984K [0x00000000d5580000, 0x00000000d5b80000, 0x0000000100000000)
  eden space 3584K, 100% used [0x00000000d5580000,0x00000000d5900000,0x00000000d5900000)
  from space 512K, 78% used [0x00000000d5900000,0x00000000d5964010,0x00000000d5980000)
  to   space 1024K, 0% used [0x00000000d5a80000,0x00000000d5a80000,0x00000000d5b80000)
 ParOldGen       total 887808K, used 887528K [0x0000000080000000, 0x00000000b6300000, 0x00000000d5580000)
  object space 887808K, 99% used [0x0000000080000000,0x00000000b62ba2b0,0x00000000b6300000)
 Metaspace       used 96699K, committed 98688K, reserved 1179648K
  class space    used 9873K, committed 10752K, reserved 1048576K
}
Event: 1975.340 GC heap after
{Heap after GC invocations=3743 (full 6):
 PSYoungGen      total 4096K, used 320K [0x00000000d5580000, 0x00000000d5b00000, 0x0000000100000000)
  eden space 3584K, 0% used [0x00000000d5580000,0x00000000d5580000,0x00000000d5900000)
  from space 512K, 62% used [0x00000000d5a80000,0x00000000d5ad0000,0x00000000d5b00000)
  to   space 512K, 0% used [0x00000000d5900000,0x00000000d5900000,0x00000000d5980000)
 ParOldGen       total 888320K, used 887840K [0x0000000080000000, 0x00000000b6380000, 0x00000000d5580000)
  object space 888320K, 99% used [0x0000000080000000,0x00000000b63082d0,0x00000000b6380000)
 Metaspace       used 96699K, committed 98688K, reserved 1179648K
  class space    used 9873K, committed 10752K, reserved 1048576K
}

