# JRE version: Java(TM) SE Runtime Environment (17.0.12+8) (build 17.0.12+8-LTS-286)
# Java VM: Java HotSpot(TM) 64-Bit Server VM (17.0.12+8-LTS-286, mixed mode, sharing, tiered, compressed oops, compressed class ptrs, g1 gc, windows-amd64)
GC Precious Log:
 CPUs: 4 total, 4 available
 Memory: 16146M
 Large Page Support: Disabled
 NUMA Support: Disabled
 Compressed Oops: Enabled (Zero based)
 Heap Region Size: 2M
 Heap Min Capacity: 8M
 Heap Initial Capacity: 254M
 Heap Max Capacity: 4038M
 Pre-touch: Disabled
 Parallel Workers: 4
 Concurrent Workers: 1
 Concurrent Refinement Workers: 4
 Periodic GC: Disabled
Heap:
 garbage-first heap   total 260096K, used 9091K [0x0000000703a00000, 0x0000000800000000)
  region size 2048K, 4 young (8192K), 1 survivors (2048K)
 Metaspace       used 10399K, committed 10560K, reserved 1114112K
  class space    used 1273K, committed 1344K, reserved 1048576K
GC Heap History (6 events):
Event: 42.660 GC heap before
{Heap before GC invocations=0 (full 0):
 garbage-first heap   total 260096K, used 10240K [0x0000000703a00000, 0x0000000800000000)
  region size 2048K, 6 young (12288K), 0 survivors (0K)
 Metaspace       used 3200K, committed 3328K, reserved 1114112K
  class space    used 340K, committed 384K, reserved 1048576K
}
Event: 43.045 GC heap after
{Heap after GC invocations=1 (full 0):
 garbage-first heap   total 260096K, used 3133K [0x0000000703a00000, 0x0000000800000000)
  region size 2048K, 1 young (2048K), 1 survivors (2048K)
 Metaspace       used 3200K, committed 3328K, reserved 1114112K
  class space    used 340K, committed 384K, reserved 1048576K
}
Event: 45.730 GC heap before
{Heap before GC invocations=1 (full 0):
 garbage-first heap   total 260096K, used 11325K [0x0000000703a00000, 0x0000000800000000)
  region size 2048K, 6 young (12288K), 1 survivors (2048K)
 Metaspace       used 5394K, committed 5568K, reserved 1114112K
  class space    used 650K, committed 768K, reserved 1048576K
}
Event: 45.737 GC heap after
{Heap after GC invocations=2 (full 0):
 garbage-first heap   total 260096K, used 3758K [0x0000000703a00000, 0x0000000800000000)
  region size 2048K, 1 young (2048K), 1 survivors (2048K)
 Metaspace       used 5394K, committed 5568K, reserved 1114112K
  class space    used 650K, committed 768K, reserved 1048576K
}
Event: 53.565 GC heap before
{Heap before GC invocations=2 (full 0):
 garbage-first heap   total 260096K, used 34478K [0x0000000703a00000, 0x0000000800000000)
  region size 2048K, 16 young (32768K), 1 survivors (2048K)
 Metaspace       used 9375K, committed 9536K, reserved 1114112K
  class space    used 1137K, committed 1216K, reserved 1048576K
}
Event: 53.572 GC heap after
{Heap after GC invocations=3 (full 0):
 garbage-first heap   total 260096K, used 4995K [0x0000000703a00000, 0x0000000800000000)
  region size 2048K, 1 young (2048K), 1 survivors (2048K)
 Metaspace       used 9375K, committed 9536K, reserved 1114112K
  class space    used 1137K, committed 1216K, reserved 1048576K
}

